[  1%] Built target sensor_msgs_generate_messages_eus
[  1%] Built target sensor_msgs_generate_messages_lisp
[  1%] Built target std_msgs_generate_messages_py
[ 10%] Built target std_msgs_generate_messages_eus
[ 12%] Built target sensor_msgs_generate_messages_nodejs
[ 12%] Built target sensor_msgs_generate_messages_py
[ 12%] Built target std_msgs_generate_messages_lisp
[ 15%] Built target models_gen
[ 18%] Built target klt_feature_tracker
[ 19%] Built target mav_msgs
[ 21%] Built target std_msgs
[ 24%] Built target physics_msgs
[ 26%] Built target nav_msgs
[ 41%] Built target sensor_msgs
[ 41%] Built target sensor_msgs_generate_messages_cpp
[ 41%] Built target std_msgs_generate_messages_cpp
[ 41%] Built target std_msgs_generate_messages_nodejs
[ 46%] Built target OpticalFlow
[ 53%] Built target gazebo_sonar_plugin
[ 55%] Built target gazebo_opticalflow_mockup_plugin
[ 55%] Built target gazebo_gst_camera_plugin
[ 53%] Built target gazebo_lidar_plugin
[ 53%] Built target _klt_feature_tracker_generate_messages_check_deps_TrackFeatures
[ 56%] Built target gazebo_controller_interface
[ 56%] Built target gazebo_gps_plugin
[ 53%] Built target gazebo_irlock_plugin
[ 53%] Built target gazebo_multirotor_base_plugin
[ 58%] Built target gazebo_camera_manager_plugin
[ 60%] Built target gazebo_magnetometer_plugin
[ 61%] Built target gazebo_groundtruth_plugin
[ 62%] Built target gazebo_pose_sniffer_plugin
[ 65%] Built target gazebo_user_camera_plugin
[ 67%] Built target gazebo_airspeed_plugin
[ 68%] Built target LiftDragPlugin
[ 69%] Built target gazebo_imu_plugin
[ 70%] Built target gazebo_parachute_plugin
[ 73%] Built target gazebo_vision_plugin
[ 75%] Built target gazebo_opticalflow_plugin
[ 76%] Built target gazebo_catapult_plugin
[ 79%] Built target gazebo_drop_plugin
[ 79%] Built target gazebo_uuv_plugin
[ 80%] Built target gazebo_gimbal_controller_plugin
[ 82%] Built target klt_feature_tracker_generate_messages_eus
[ 82%] Built target klt_feature_tracker_generate_messages_py
[ 83%] Built target klt_feature_tracker_generate_messages_lisp
[ 88%] Built target gazebo_motor_model
[ 88%] Built target gazebo_airship_dynamics_plugin
[ 88%] Built target gazebo_wind_plugin
[ 89%] Built target gazebo_barometer_plugin
[ 90%] Built target klt_feature_tracker_generate_messages_nodejs
[ 93%] Built target klt_feature_tracker_generate_messages_cpp
[ 93%] Built target gazebo_video_stream_widget
[ 95%] Built target gazebo_mavlink_interface
[ 97%] Built target AdvancedLiftDragPlugin
[ 97%] Built target gazebo_usv_dynamics_plugin
[ 98%] Built target ForceVisual
[ 98%] Built target klt_feature_tracker_generate_messages
[100%] Built target feature_tracker_node
