[  1%] Built target std_msgs_generate_messages_py
[ 15%] Built target models_gen
[ 15%] Built target std_msgs_generate_messages_eus
[ 15%] Built target sensor_msgs_generate_messages_eus
[ 15%] Built target sensor_msgs_generate_messages_py
[ 17%] Built target nav_msgs
[ 20%] Built target mav_msgs
[ 38%] Built target std_msgs
[ 38%] Built target sensor_msgs
[ 38%] Built target klt_feature_tracker
[ 41%] Built target physics_msgs
[ 41%] Built target std_msgs_generate_messages_lisp
[ 41%] Built target sensor_msgs_generate_messages_lisp
[ 41%] Built target std_msgs_generate_messages_nodejs
[ 41%] Built target std_msgs_generate_messages_cpp
[ 41%] Built target sensor_msgs_generate_messages_nodejs
[ 41%] Built target sensor_msgs_generate_messages_cpp
[ 46%] Built target OpticalFlow
[ 46%] Built target _klt_feature_tracker_generate_messages_check_deps_TrackFeatures
[ 47%] Built target gazebo_opticalflow_mockup_plugin
[ 52%] Built target gazebo_sonar_plugin
[ 52%] Built target gazebo_irlock_plugin
[ 52%] Built target gazebo_gps_plugin
[ 52%] Built target gazebo_multirotor_base_plugin
[ 52%] Built target gazebo_lidar_plugin
[ 54%] Built target gazebo_gst_camera_plugin
[ 56%] Built target gazebo_controller_interface
[ 58%] Built target gazebo_camera_manager_plugin
[ 61%] Built target gazebo_user_camera_plugin
[ 62%] Built target gazebo_groundtruth_plugin
[ 64%] Built target gazebo_magnetometer_plugin
[ 65%] Built target gazebo_pose_sniffer_plugin
[ 66%] Built target gazebo_catapult_plugin
[ 72%] Built target LiftDragPlugin
[ 72%] Built target gazebo_airspeed_plugin
[ 72%] Built target gazebo_opticalflow_plugin
[ 74%] Built target gazebo_uuv_plugin
[ 75%] Built target gazebo_parachute_plugin
[ 76%] Built target gazebo_drop_plugin
[ 78%] Built target gazebo_vision_plugin
[ 80%] Built target gazebo_gimbal_controller_plugin
[ 80%] Built target gazebo_imu_plugin
[ 81%] Built target klt_feature_tracker_generate_messages_eus
[ 83%] Built target gazebo_video_stream_widget
[ 84%] Built target klt_feature_tracker_generate_messages_py
[ 86%] Built target ForceVisual
[ 88%] Built target gazebo_motor_model
[ 90%] Built target gazebo_barometer_plugin
[ 92%] Built target gazebo_usv_dynamics_plugin
[ 90%] Built target gazebo_wind_plugin
[ 92%] Built target gazebo_airship_dynamics_plugin
[ 94%] Built target gazebo_mavlink_interface
[ 96%] Built target klt_feature_tracker_generate_messages_lisp
[ 96%] Built target klt_feature_tracker_generate_messages_nodejs
[ 97%] Built target AdvancedLiftDragPlugin
[ 98%] Built target klt_feature_tracker_generate_messages_cpp
[ 98%] Built target klt_feature_tracker_generate_messages
[100%] Built target feature_tracker_node
