[  0%] Built target sensor_msgs_generate_messages_py
[  0%] Built target sensor_msgs_generate_messages_eus
[  0%] Built target std_msgs_generate_messages_eus
[ 15%] Built target models_gen
[ 15%] Built target std_msgs_generate_messages_py
[ 19%] Built target klt_feature_tracker
[ 22%] Built target mav_msgs
[ 34%] Built target sensor_msgs
[ 36%] Built target sensor_msgs_generate_messages_nodejs
[ 36%] Built target std_msgs_generate_messages_lisp
[ 37%] Built target physics_msgs
[ 39%] Built target std_msgs
[ 39%] Built target sensor_msgs_generate_messages_lisp
[ 41%] Built target nav_msgs
[ 41%] Built target std_msgs_generate_messages_cpp
[ 41%] Built target sensor_msgs_generate_messages_cpp
[ 41%] Built target std_msgs_generate_messages_nodejs
[ 46%] Built target OpticalFlow
[ 46%] Built target _klt_feature_tracker_generate_messages_check_deps_TrackFeatures
[ 47%] Built target gazebo_opticalflow_mockup_plugin
[ 48%] Built target gazebo_irlock_plugin
[ 52%] Built target gazebo_multirotor_base_plugin
[ 52%] Built target gazebo_lidar_plugin
[ 52%] Built target gazebo_gps_plugin
[ 53%] Built target gazebo_gst_camera_plugin
[ 54%] Built target gazebo_groundtruth_plugin
[ 55%] Built target gazebo_sonar_plugin
[ 58%] Built target gazebo_camera_manager_plugin
[ 59%] Built target gazebo_controller_interface
[ 62%] Built target gazebo_user_camera_plugin
[ 64%] Built target gazebo_magnetometer_plugin
[ 65%] Built target gazebo_pose_sniffer_plugin
[ 67%] Built target gazebo_airspeed_plugin
[ 69%] Built target LiftDragPlugin
[ 69%] Built target gazebo_catapult_plugin
[ 73%] Built target gazebo_parachute_plugin
[ 73%] Built target gazebo_uuv_plugin
[ 75%] Built target gazebo_opticalflow_plugin
[ 76%] Built target gazebo_drop_plugin
[ 79%] Built target gazebo_imu_plugin
[ 79%] Built target gazebo_vision_plugin
[ 80%] Built target gazebo_gimbal_controller_plugin
[ 82%] Built target gazebo_motor_model
[ 83%] Built target gazebo_wind_plugin
[ 86%] Built target gazebo_video_stream_widget
[ 88%] Built target klt_feature_tracker_generate_messages_py
[ 88%] Built target klt_feature_tracker_generate_messages_eus
[ 91%] Built target klt_feature_tracker_generate_messages_lisp
[ 91%] Built target gazebo_mavlink_interface
[ 92%] Built target klt_feature_tracker_generate_messages_nodejs
[ 93%] Built target klt_feature_tracker_generate_messages_cpp
[ 94%] Built target gazebo_airship_dynamics_plugin
[ 95%] Built target ForceVisual
[ 96%] Built target gazebo_barometer_plugin
[ 97%] Built target AdvancedLiftDragPlugin
[ 98%] Built target gazebo_usv_dynamics_plugin
[ 98%] Built target klt_feature_tracker_generate_messages
[100%] Built target feature_tracker_node
