[  0%] Built target sensor_msgs_generate_messages_eus
[  0%] Built target std_msgs_generate_messages_py
[  0%] Built target std_msgs_generate_messages_eus
[ 15%] Built target models_gen
[ 16%] Built target sensor_msgs_generate_messages_lisp
[ 20%] Built target mav_msgs
[ 19%] Built target std_msgs
[ 23%] Built target physics_msgs
[ 23%] Built target sensor_msgs_generate_messages_py
[ 25%] Built target nav_msgs
[ 26%] Built target klt_feature_tracker
[ 41%] Built target sensor_msgs
[ 41%] Built target std_msgs_generate_messages_cpp
[ 41%] Built target sensor_msgs_generate_messages_nodejs
[ 41%] Built target std_msgs_generate_messages_lisp
[ 41%] Built target std_msgs_generate_messages_nodejs
[ 41%] Built target sensor_msgs_generate_messages_cpp
[ 41%] Built target _klt_feature_tracker_generate_messages_check_deps_TrackFeatures
[ 43%] Built target gazebo_irlock_plugin
[ 45%] Built target gazebo_lidar_plugin
[ 48%] Built target OpticalFlow
[ 53%] Built target gazebo_sonar_plugin
[ 53%] Built target gazebo_gps_plugin
[ 53%] Built target gazebo_gst_camera_plugin
[ 53%] Built target gazebo_multirotor_base_plugin
[ 55%] Built target gazebo_opticalflow_mockup_plugin
[ 56%] Built target gazebo_controller_interface
[ 59%] Built target gazebo_magnetometer_plugin
[ 62%] Built target gazebo_user_camera_plugin
[ 63%] Built target gazebo_camera_manager_plugin
[ 64%] Built target gazebo_pose_sniffer_plugin
[ 65%] Built target gazebo_catapult_plugin
[ 67%] Built target gazebo_opticalflow_plugin
[ 69%] Built target gazebo_airspeed_plugin
[ 72%] Built target gazebo_uuv_plugin
[ 74%] Built target gazebo_vision_plugin
[ 75%] Built target gazebo_groundtruth_plugin
[ 77%] Built target gazebo_drop_plugin
[ 76%] Built target LiftDragPlugin
[ 78%] Built target gazebo_parachute_plugin
[ 79%] Built target gazebo_imu_plugin
[ 80%] Built target gazebo_gimbal_controller_plugin
[ 82%] Built target gazebo_video_stream_widget
[ 84%] Built target gazebo_mavlink_interface
[ 87%] Built target gazebo_motor_model
[ 89%] Built target klt_feature_tracker_generate_messages_lisp
[ 89%] Built target klt_feature_tracker_generate_messages_py
[ 90%] Built target klt_feature_tracker_generate_messages_nodejs
[ 92%] Built target ForceVisual
[ 92%] Built target klt_feature_tracker_generate_messages_eus
[ 93%] Built target gazebo_airship_dynamics_plugin
[ 94%] Built target klt_feature_tracker_generate_messages_cpp
[ 95%] Built target gazebo_wind_plugin
[ 97%] Built target gazebo_usv_dynamics_plugin
[ 97%] Built target gazebo_barometer_plugin
[ 98%] Built target AdvancedLiftDragPlugin
[ 98%] Built target klt_feature_tracker_generate_messages
[100%] Built target feature_tracker_node
