[  0%] Built target std_msgs_generate_messages_py
[  0%] Built target std_msgs_generate_messages_eus
[  0%] Built target sensor_msgs_generate_messages_py
[  0%] Built target sensor_msgs_generate_messages_lisp
[ 15%] Built target models_gen
[ 17%] Built target sensor_msgs_generate_messages_nodejs
[ 20%] Built target std_msgs
[ 20%] Built target mav_msgs
[ 17%] Built target std_msgs_generate_messages_lisp
[ 21%] Built target klt_feature_tracker
[ 21%] Built target sensor_msgs_generate_messages_eus
[ 25%] Built target nav_msgs
[ 38%] Built target sensor_msgs
[ 41%] Built target physics_msgs
[ 41%] Built target std_msgs_generate_messages_cpp
[ 41%] Built target sensor_msgs_generate_messages_cpp
[ 41%] Built target std_msgs_generate_messages_nodejs
[ 46%] Built target OpticalFlow
[ 46%] Built target _klt_feature_tracker_generate_messages_check_deps_TrackFeatures
[ 48%] Built target gazebo_lidar_plugin
[ 48%] Built target gazebo_irlock_plugin
[ 49%] Built target gazebo_multirotor_base_plugin
[ 51%] Built target gazebo_controller_interface
[ 52%] Built target gazebo_sonar_plugin
[ 53%] Built target gazebo_opticalflow_mockup_plugin
[ 54%] Built target gazebo_groundtruth_plugin
[ 56%] Built target gazebo_gps_plugin
[ 56%] Built target gazebo_pose_sniffer_plugin
[ 59%] Built target gazebo_gst_camera_plugin
[ 61%] Built target gazebo_magnetometer_plugin
[ 64%] Built target gazebo_airspeed_plugin
[ 64%] Built target gazebo_camera_manager_plugin
[ 67%] Built target gazebo_user_camera_plugin
[ 68%] Built target gazebo_catapult_plugin
[ 70%] Built target gazebo_parachute_plugin
[ 70%] Built target gazebo_drop_plugin
[ 73%] Built target gazebo_uuv_plugin
[ 74%] Built target LiftDragPlugin
[ 76%] Built target gazebo_vision_plugin
[ 77%] Built target gazebo_imu_plugin
[ 79%] Built target gazebo_opticalflow_plugin
[ 80%] Built target gazebo_gimbal_controller_plugin
[ 82%] Built target gazebo_video_stream_widget
[ 83%] Built target gazebo_wind_plugin
[ 87%] Built target gazebo_mavlink_interface
[ 88%] Built target gazebo_motor_model
[ 89%] Built target klt_feature_tracker_generate_messages_nodejs
[ 90%] Built target klt_feature_tracker_generate_messages_lisp
[ 92%] Built target gazebo_airship_dynamics_plugin
[ 92%] Built target klt_feature_tracker_generate_messages_py
[ 93%] Built target klt_feature_tracker_generate_messages_eus
[ 94%] Built target gazebo_barometer_plugin
[ 95%] Built target klt_feature_tracker_generate_messages_cpp
[ 97%] Built target ForceVisual
[ 97%] Built target gazebo_usv_dynamics_plugin
[ 98%] Built target AdvancedLiftDragPlugin
[ 98%] Built target klt_feature_tracker_generate_messages
[100%] Built target feature_tracker_node
