[  1%] Built target std_msgs_generate_messages_lisp
[  1%] Built target sensor_msgs_generate_messages_eus
[  1%] Built target std_msgs_generate_messages_eus
[  1%] Built target sensor_msgs_generate_messages_py
[  1%] Built target sensor_msgs_generate_messages_lisp
[ 15%] Built target models_gen
[ 30%] Built target sensor_msgs
[ 32%] Built target std_msgs
[ 35%] Built target physics_msgs
[ 38%] Built target mav_msgs
[ 39%] Built target klt_feature_tracker
[ 39%] Built target std_msgs_generate_messages_py
[ 40%] Built target sensor_msgs_generate_messages_nodejs
[ 40%] Built target std_msgs_generate_messages_cpp
[ 40%] Built target std_msgs_generate_messages_nodejs
[ 40%] Built target sensor_msgs_generate_messages_cpp
[ 41%] Built target nav_msgs
[ 46%] Built target OpticalFlow
[ 46%] Built target _klt_feature_tracker_generate_messages_check_deps_TrackFeatures
[ 51%] Built target gazebo_irlock_plugin
[ 51%] Built target gazebo_multirotor_base_plugin
[ 52%] Built target gazebo_gst_camera_plugin
[ 51%] Built target gazebo_sonar_plugin
[ 51%] Built target gazebo_gps_plugin
[ 55%] Built target gazebo_magnetometer_plugin
[ 54%] Built target gazebo_lidar_plugin
[ 58%] Built target gazebo_controller_interface
[ 59%] Built target gazebo_groundtruth_plugin
[ 60%] Built target gazebo_opticalflow_mockup_plugin
[ 61%] Built target gazebo_pose_sniffer_plugin
[ 62%] Built target gazebo_camera_manager_plugin
[ 65%] Built target gazebo_user_camera_plugin
[ 67%] Built target gazebo_airspeed_plugin
[ 68%] Built target LiftDragPlugin
[ 70%] Built target gazebo_parachute_plugin
[ 72%] Built target gazebo_opticalflow_plugin
[ 75%] Built target gazebo_drop_plugin
[ 75%] Built target gazebo_uuv_plugin
[ 76%] Built target gazebo_catapult_plugin
[ 79%] Built target gazebo_gimbal_controller_plugin
[ 79%] Built target gazebo_vision_plugin
[ 81%] Built target gazebo_motor_model
[ 82%] Built target gazebo_imu_plugin
[ 87%] Built target gazebo_video_stream_widget
[ 87%] Built target gazebo_mavlink_interface
[ 90%] Built target klt_feature_tracker_generate_messages_py
[ 90%] Built target klt_feature_tracker_generate_messages_eus
[ 90%] Built target gazebo_wind_plugin
[ 92%] Built target klt_feature_tracker_generate_messages_lisp
[ 92%] Built target klt_feature_tracker_generate_messages_nodejs
[ 97%] Built target gazebo_usv_dynamics_plugin
[ 97%] Built target ForceVisual
[ 97%] Built target gazebo_barometer_plugin
[ 97%] Built target klt_feature_tracker_generate_messages_cpp
[ 97%] Built target gazebo_airship_dynamics_plugin
[ 98%] Built target AdvancedLiftDragPlugin
[ 98%] Built target klt_feature_tracker_generate_messages
[100%] Built target feature_tracker_node
