[  0%] Built target std_msgs_generate_messages_py
[  0%] Built target sensor_msgs_generate_messages_lisp
[  0%] Built target sensor_msgs_generate_messages_eus
[  5%] Built target sensor_msgs_generate_messages_py
[ 15%] Built target models_gen
[ 15%] Built target std_msgs_generate_messages_lisp
[ 18%] Built target klt_feature_tracker
[ 18%] Built target std_msgs_generate_messages_eus
[ 23%] Built target std_msgs
[ 25%] Built target physics_msgs
[ 36%] Built target sensor_msgs
[ 39%] Built target mav_msgs
[ 39%] Built target sensor_msgs_generate_messages_nodejs
[ 41%] Built target nav_msgs
[ 41%] Built target sensor_msgs_generate_messages_cpp
[ 41%] Built target std_msgs_generate_messages_nodejs
[ 41%] Built target std_msgs_generate_messages_cpp
[ 46%] Built target OpticalFlow
[ 46%] Built target _klt_feature_tracker_generate_messages_check_deps_TrackFeatures
[ 52%] Built target gazebo_lidar_plugin
[ 52%] Built target gazebo_opticalflow_mockup_plugin
[ 52%] Built target gazebo_sonar_plugin
[ 52%] Built target gazebo_irlock_plugin
[ 52%] Built target gazebo_multirotor_base_plugin
[ 52%] Built target gazebo_gps_plugin
[ 56%] Built target gazebo_gst_camera_plugin
[ 56%] Built target gazebo_controller_interface
[ 58%] Built target gazebo_pose_sniffer_plugin
[ 60%] Built target gazebo_groundtruth_plugin
[ 60%] Built target gazebo_camera_manager_plugin
[ 62%] Built target gazebo_magnetometer_plugin
[ 65%] Built target gazebo_user_camera_plugin
[ 67%] Built target gazebo_airspeed_plugin
[ 68%] Built target gazebo_catapult_plugin
[ 70%] Built target LiftDragPlugin
[ 70%] Built target gazebo_parachute_plugin
[ 77%] Built target gazebo_drop_plugin
[ 77%] Built target gazebo_opticalflow_plugin
[ 77%] Built target gazebo_imu_plugin
[ 77%] Built target gazebo_uuv_plugin
[ 81%] Built target gazebo_motor_model
[ 81%] Built target gazebo_wind_plugin
[ 82%] Built target gazebo_vision_plugin
[ 83%] Built target gazebo_airship_dynamics_plugin
[ 87%] Built target gazebo_gimbal_controller_plugin
[ 87%] Built target klt_feature_tracker_generate_messages_nodejs
[ 87%] Built target klt_feature_tracker_generate_messages_py
[ 88%] Built target gazebo_barometer_plugin
[ 89%] Built target klt_feature_tracker_generate_messages_lisp
[ 93%] Built target klt_feature_tracker_generate_messages_cpp
[ 93%] Built target klt_feature_tracker_generate_messages_eus
[ 93%] Built target gazebo_mavlink_interface
[ 94%] Built target ForceVisual
[ 98%] Built target AdvancedLiftDragPlugin
[ 98%] Built target gazebo_video_stream_widget
[ 98%] Built target gazebo_usv_dynamics_plugin
[ 98%] Built target klt_feature_tracker_generate_messages
[100%] Built target feature_tracker_node
