[  0%] Built target sensor_msgs_generate_messages_py
[  0%] Built target sensor_msgs_generate_messages_lisp
[  0%] Built target std_msgs_generate_messages_py
[  0%] Built target sensor_msgs_generate_messages_nodejs
[  0%] Built target sensor_msgs_generate_messages_eus
[  1%] Built target std_msgs_generate_messages_eus
[  1%] Built target std_msgs_generate_messages_lisp
[ 15%] Built target models_gen
[ 26%] Built target std_msgs
[ 35%] Built target sensor_msgs
[ 35%] Built target mav_msgs
[ 38%] Built target physics_msgs
[ 39%] Built target klt_feature_tracker
[ 39%] Built target sensor_msgs_generate_messages_cpp
[ 39%] Built target std_msgs_generate_messages_nodejs
[ 39%] Built target std_msgs_generate_messages_cpp
[ 41%] Built target nav_msgs
[ 46%] Built target OpticalFlow
[ 46%] Built target _klt_feature_tracker_generate_messages_check_deps_TrackFeatures
[ 47%] Built target gazebo_pose_sniffer_plugin
[ 56%] Built target gazebo_multirotor_base_plugin
[ 56%] Built target gazebo_lidar_plugin
[ 56%] Built target gazebo_gps_plugin
[ 56%] Built target gazebo_groundtruth_plugin
[ 56%] Built target gazebo_irlock_plugin
[ 56%] Built target gazebo_sonar_plugin
[ 56%] Built target gazebo_gst_camera_plugin
[ 56%] Built target gazebo_opticalflow_mockup_plugin
[ 59%] Built target gazebo_controller_interface
[ 60%] Built target gazebo_camera_manager_plugin
[ 62%] Built target gazebo_magnetometer_plugin
[ 65%] Built target gazebo_user_camera_plugin
[ 67%] Built target gazebo_airspeed_plugin
[ 68%] Built target gazebo_catapult_plugin
[ 69%] Built target LiftDragPlugin
[ 75%] Built target gazebo_uuv_plugin
[ 75%] Built target gazebo_drop_plugin
[ 75%] Built target gazebo_imu_plugin
[ 76%] Built target gazebo_vision_plugin
[ 78%] Built target gazebo_opticalflow_plugin
[ 79%] Built target gazebo_parachute_plugin
[ 80%] Built target gazebo_gimbal_controller_plugin
[ 87%] Built target gazebo_video_stream_widget
[ 87%] Built target gazebo_motor_model
[ 87%] Built target gazebo_mavlink_interface
[ 88%] Built target gazebo_wind_plugin
[ 89%] Built target gazebo_airship_dynamics_plugin
[ 90%] Built target klt_feature_tracker_generate_messages_eus
[ 91%] Built target klt_feature_tracker_generate_messages_py
[ 93%] Built target klt_feature_tracker_generate_messages_nodejs
[ 93%] Built target klt_feature_tracker_generate_messages_lisp
[ 94%] Built target gazebo_barometer_plugin
[ 95%] Built target gazebo_usv_dynamics_plugin
[ 96%] Built target klt_feature_tracker_generate_messages_cpp
[ 97%] Built target ForceVisual
[ 98%] Built target AdvancedLiftDragPlugin
[ 98%] Built target klt_feature_tracker_generate_messages
[100%] Built target feature_tracker_node
