[  0%] Built target std_msgs_generate_messages_lisp
[  0%] Built target sensor_msgs_generate_messages_eus
[  1%] Built target std_msgs_generate_messages_eus
[  1%] Built target sensor_msgs_generate_messages_py
[  1%] Built target std_msgs_generate_messages_py
[  3%] Built target std_msgs
[ 17%] Built target models_gen
[ 17%] Built target sensor_msgs_generate_messages_lisp
[ 18%] Built target klt_feature_tracker
[ 21%] Built target physics_msgs
[ 26%] Built target mav_msgs
[ 26%] Built target nav_msgs
[ 30%] Built target std_msgs_generate_messages_cpp
[ 41%] Built target sensor_msgs
[ 41%] Built target sensor_msgs_generate_messages_nodejs
[ 41%] Built target std_msgs_generate_messages_nodejs
[ 41%] Built target sensor_msgs_generate_messages_cpp
[ 41%] Built target _klt_feature_tracker_generate_messages_check_deps_TrackFeatures
[ 46%] Built target OpticalFlow
[ 47%] Built target gazebo_multirotor_base_plugin
[ 48%] Built target gazebo_gps_plugin
[ 50%] Built target gazebo_controller_interface
[ 54%] Built target gazebo_opticalflow_mockup_plugin
[ 54%] Built target gazebo_irlock_plugin
[ 54%] Built target gazebo_gst_camera_plugin
[ 55%] Built target gazebo_lidar_plugin
[ 59%] Built target gazebo_sonar_plugin
[ 59%] Built target gazebo_groundtruth_plugin
[ 60%] Built target gazebo_magnetometer_plugin
[ 61%] Built target gazebo_pose_sniffer_plugin
[ 65%] Built target gazebo_user_camera_plugin
[ 63%] Built target gazebo_camera_manager_plugin
[ 67%] Built target gazebo_airspeed_plugin
[ 68%] Built target LiftDragPlugin
[ 74%] Built target gazebo_uuv_plugin
[ 74%] Built target gazebo_drop_plugin
[ 74%] Built target gazebo_catapult_plugin
[ 75%] Built target gazebo_opticalflow_plugin
[ 77%] Built target gazebo_vision_plugin
[ 78%] Built target gazebo_gimbal_controller_plugin
[ 79%] Built target gazebo_parachute_plugin
[ 80%] Built target gazebo_imu_plugin
[ 81%] Built target gazebo_wind_plugin
[ 86%] Built target gazebo_video_stream_widget
[ 86%] Built target gazebo_mavlink_interface
[ 88%] Built target gazebo_motor_model
[ 89%] Built target klt_feature_tracker_generate_messages_eus
[ 90%] Built target gazebo_airship_dynamics_plugin
[ 92%] Built target gazebo_barometer_plugin
[ 92%] Built target klt_feature_tracker_generate_messages_nodejs
[ 93%] Built target klt_feature_tracker_generate_messages_cpp
[ 94%] Built target ForceVisual
[ 95%] Built target klt_feature_tracker_generate_messages_lisp
[ 96%] Built target klt_feature_tracker_generate_messages_py
[ 97%] Built target gazebo_usv_dynamics_plugin
[ 98%] Built target AdvancedLiftDragPlugin
[ 98%] Built target klt_feature_tracker_generate_messages
[100%] Built target feature_tracker_node
