[  0%] Built target std_msgs_generate_messages_cpp
[  1%] Built target klt_feature_tracker
[  1%] Built target std_msgs_generate_messages_py
[  1%] Built target sensor_msgs_generate_messages_cpp
[ 16%] Built target models_gen
[ 16%] Built target sensor_msgs_generate_messages_py
[ 18%] Built target nav_msgs
[ 20%] Built target std_msgs
[ 26%] Built target mav_msgs
[ 26%] Built target physics_msgs
[ 26%] Built target std_msgs_generate_messages_eus
[ 26%] Built target sensor_msgs_generate_messages_eus
[ 26%] Built target std_msgs_generate_messages_lisp
[ 26%] Built target std_msgs_generate_messages_nodejs
[ 26%] Built target sensor_msgs_generate_messages_lisp
[ 26%] Built target sensor_msgs_generate_messages_nodejs
[ 41%] Built target sensor_msgs
[ 46%] Built target OpticalFlow
[ 46%] Built target _klt_feature_tracker_generate_messages_check_deps_TrackFeatures
[ 47%] Built target gazebo_camera_manager_plugin
[ 48%] Built target gazebo_opticalflow_mockup_plugin
[ 49%] Built target gazebo_irlock_plugin
[ 50%] Built target gazebo_groundtruth_plugin
[ 51%] Built target gazebo_gps_plugin
[ 52%] Built target gazebo_lidar_plugin
[ 54%] Built target gazebo_uuv_plugin
[ 56%] Built target gazebo_vision_plugin
[ 58%] Built target gazebo_sonar_plugin
[ 60%] Built target gazebo_airspeed_plugin
[ 62%] Built target gazebo_controller_interface
[ 63%] Built target gazebo_usv_dynamics_plugin
[ 65%] Built target gazebo_mavlink_interface
[ 66%] Built target gazebo_imu_plugin
[ 67%] Built target gazebo_wind_plugin
[ 70%] Built target gazebo_parachute_plugin
[ 70%] Built target gazebo_motor_model
[ 72%] Built target gazebo_catapult_plugin
[ 73%] Built target gazebo_multirotor_base_plugin
[ 74%] Built target gazebo_gimbal_controller_plugin
[ 76%] Built target gazebo_pose_sniffer_plugin
[ 76%] Built target gazebo_barometer_plugin
[ 78%] Built target gazebo_magnetometer_plugin
[ 79%] Built target klt_feature_tracker_generate_messages_py
[ 80%] Built target klt_feature_tracker_generate_messages_eus
[ 81%] Built target klt_feature_tracker_generate_messages_cpp
[ 83%] Built target klt_feature_tracker_generate_messages_lisp
[ 83%] Built target klt_feature_tracker_generate_messages_nodejs
[ 83%] Built target klt_feature_tracker_generate_messages
[ 88%] Built target gazebo_airship_dynamics_plugin
[ 88%] Built target ForceVisual
[ 88%] Built target gazebo_gst_camera_plugin
[ 90%] Built target feature_tracker_node
[ 90%] Built target LiftDragPlugin
[ 91%] Built target gazebo_drop_plugin
[ 92%] Built target AdvancedLiftDragPlugin
[ 94%] Built target gazebo_video_stream_widget
[ 97%] Built target gazebo_user_camera_plugin
[100%] Built target gazebo_opticalflow_plugin
