[  0%] Built target sensor_msgs_generate_messages_py
[ 15%] Built target models_gen
[ 16%] Built target std_msgs_generate_messages_eus
[ 16%] Built target std_msgs_generate_messages_py
[ 16%] Built target sensor_msgs_generate_messages_nodejs
[ 16%] Built target sensor_msgs_generate_messages_eus
[ 16%] Built target sensor_msgs_generate_messages_lisp
[ 16%] Built target std_msgs_generate_messages_lisp
[ 17%] Built target std_msgs
[ 32%] Built target sensor_msgs
[ 34%] Built target nav_msgs
[ 37%] Built target physics_msgs
[ 40%] Built target mav_msgs
[ 41%] Built target klt_feature_tracker
[ 41%] Built target sensor_msgs_generate_messages_cpp
[ 41%] Built target std_msgs_generate_messages_cpp
[ 41%] Built target std_msgs_generate_messages_nodejs
[ 41%] Built target _klt_feature_tracker_generate_messages_check_deps_TrackFeatures
[ 47%] Built target gazebo_lidar_plugin
[ 47%] Built target gazebo_gps_plugin
[ 47%] Built target gazebo_irlock_plugin
[ 47%] Built target gazebo_opticalflow_mockup_plugin
[ 47%] Built target gazebo_multirotor_base_plugin
[ 49%] Built target gazebo_gst_camera_plugin
[ 51%] Built target gazebo_controller_interface
[ 52%] Built target gazebo_pose_sniffer_plugin
[ 53%] Built target gazebo_sonar_plugin
[ 54%] Built target gazebo_groundtruth_plugin
[ 55%] Built target gazebo_camera_manager_plugin
[ 58%] Built target gazebo_magnetometer_plugin
[ 60%] Built target gazebo_airspeed_plugin
[ 63%] Built target gazebo_user_camera_plugin
[ 67%] Built target OpticalFlow
[ 68%] Built target gazebo_catapult_plugin
[ 69%] Built target LiftDragPlugin
[ 70%] Built target gazebo_drop_plugin
[ 73%] Built target gazebo_uuv_plugin
[ 75%] Built target gazebo_parachute_plugin
[ 76%] Built target gazebo_vision_plugin
[ 77%] Built target gazebo_imu_plugin
[ 79%] Built target gazebo_wind_plugin
[ 79%] Built target gazebo_gimbal_controller_plugin
[ 81%] Built target gazebo_motor_model
[ 83%] Built target klt_feature_tracker_generate_messages_eus
[ 83%] Built target klt_feature_tracker_generate_messages_py
[ 86%] Built target gazebo_video_stream_widget
[ 87%] Built target gazebo_barometer_plugin
[ 88%] Built target gazebo_airship_dynamics_plugin
[ 89%] Built target ForceVisual
[ 90%] Built target klt_feature_tracker_generate_messages_lisp
[ 91%] Built target klt_feature_tracker_generate_messages_nodejs
[ 93%] Built target gazebo_mavlink_interface
[ 94%] Built target klt_feature_tracker_generate_messages_cpp
[ 95%] Built target gazebo_usv_dynamics_plugin
[ 96%] Built target AdvancedLiftDragPlugin
[ 96%] Built target klt_feature_tracker_generate_messages
[ 97%] Built target feature_tracker_node
[100%] Built target gazebo_opticalflow_plugin
