[  0%] Built target std_msgs_generate_messages_py
[  0%] Built target sensor_msgs_generate_messages_eus
[  0%] Built target std_msgs_generate_messages_eus
[  2%] Built target std_msgs_generate_messages_lisp
[  4%] Built target std_msgs
[  4%] Built target nav_msgs
[  4%] Built target sensor_msgs_generate_messages_py
[ 19%] Built target sensor_msgs
[ 22%] Built target mav_msgs
[ 38%] Built target physics_msgs
[ 40%] Built target models_gen
[ 41%] Built target klt_feature_tracker
[ 41%] Built target sensor_msgs_generate_messages_nodejs
[ 41%] Built target sensor_msgs_generate_messages_lisp
[ 41%] Built target std_msgs_generate_messages_cpp
[ 41%] Built target sensor_msgs_generate_messages_cpp
[ 41%] Built target std_msgs_generate_messages_nodejs
[ 41%] Built target _klt_feature_tracker_generate_messages_check_deps_TrackFeatures
[ 43%] Built target gazebo_irlock_plugin
[ 44%] Built target gazebo_multirotor_base_plugin
[ 47%] Built target gazebo_gps_plugin
[ 47%] Built target gazebo_opticalflow_mockup_plugin
[ 47%] Built target gazebo_lidar_plugin
[ 48%] Built target gazebo_sonar_plugin
[ 50%] Built target gazebo_controller_interface
[ 53%] Built target gazebo_groundtruth_plugin
[ 53%] Built target gazebo_camera_manager_plugin
[ 53%] Built target gazebo_pose_sniffer_plugin
[ 58%] Built target gazebo_gst_camera_plugin
[ 58%] Built target gazebo_magnetometer_plugin
[ 60%] Built target gazebo_airspeed_plugin
[ 63%] Built target gazebo_user_camera_plugin
[ 67%] Built target OpticalFlow
[ 69%] Built target gazebo_parachute_plugin
[ 70%] Built target LiftDragPlugin
[ 72%] Built target gazebo_uuv_plugin
[ 73%] Built target gazebo_catapult_plugin
[ 76%] Built target gazebo_vision_plugin
[ 76%] Built target gazebo_drop_plugin
[ 77%] Built target gazebo_gimbal_controller_plugin
[ 78%] Built target gazebo_imu_plugin
[ 84%] Built target gazebo_mavlink_interface
[ 84%] Built target gazebo_motor_model
[ 84%] Built target gazebo_video_stream_widget
[ 87%] Built target klt_feature_tracker_generate_messages_lisp
[ 87%] Built target klt_feature_tracker_generate_messages_py
[ 88%] Built target gazebo_wind_plugin
[ 90%] Built target gazebo_airship_dynamics_plugin
[ 90%] Built target klt_feature_tracker_generate_messages_eus
[ 91%] Built target klt_feature_tracker_generate_messages_cpp
[ 92%] Built target klt_feature_tracker_generate_messages_nodejs
[ 93%] Built target ForceVisual
[ 94%] Built target gazebo_barometer_plugin
[ 95%] Built target gazebo_usv_dynamics_plugin
[ 96%] Built target AdvancedLiftDragPlugin
[ 96%] Built target klt_feature_tracker_generate_messages
[100%] Built target feature_tracker_node
[100%] Built target gazebo_opticalflow_plugin
