[  0%] Built target sensor_msgs_generate_messages_lisp
[  0%] Built target sensor_msgs_generate_messages_eus
[  0%] Built target std_msgs_generate_messages_eus
[  0%] Built target std_msgs_generate_messages_py
[ 15%] Built target models_gen
[ 15%] Built target std_msgs_generate_messages_lisp
[ 15%] Built target sensor_msgs_generate_messages_py
[ 17%] Built target std_msgs
[ 27%] Built target klt_feature_tracker
[ 31%] Built target physics_msgs
[ 35%] Built target mav_msgs
[ 39%] Built target sensor_msgs
[ 41%] Built target nav_msgs
[ 41%] Built target sensor_msgs_generate_messages_cpp
[ 41%] Built target sensor_msgs_generate_messages_nodejs
[ 41%] Built target std_msgs_generate_messages_nodejs
[ 46%] Built target OpticalFlow
[ 46%] Built target std_msgs_generate_messages_cpp
[ 46%] Built target _klt_feature_tracker_generate_messages_check_deps_TrackFeatures
[ 48%] Built target gazebo_lidar_plugin
[ 49%] Built target gazebo_controller_interface
[ 50%] Built target gazebo_sonar_plugin
[ 51%] Built target gazebo_opticalflow_mockup_plugin
[ 52%] Built target gazebo_gps_plugin
[ 53%] Built target gazebo_irlock_plugin
[ 56%] Built target gazebo_multirotor_base_plugin
[ 56%] Built target gazebo_gst_camera_plugin
[ 60%] Built target gazebo_camera_manager_plugin
[ 60%] Built target gazebo_magnetometer_plugin
[ 63%] Built target gazebo_user_camera_plugin
[ 64%] Built target gazebo_pose_sniffer_plugin
[ 69%] Built target gazebo_airspeed_plugin
[ 69%] Built target gazebo_parachute_plugin
[ 72%] Built target gazebo_opticalflow_plugin
[ 72%] Built target gazebo_catapult_plugin
[ 69%] Built target gazebo_groundtruth_plugin
[ 74%] Built target gazebo_drop_plugin
[ 74%] Built target LiftDragPlugin
[ 76%] Built target gazebo_uuv_plugin
[ 78%] Built target gazebo_vision_plugin
[ 79%] Built target klt_feature_tracker_generate_messages_eus
[ 80%] Built target gazebo_gimbal_controller_plugin
[ 81%] Built target gazebo_imu_plugin
[ 89%] Built target gazebo_motor_model
[ 89%] Built target gazebo_usv_dynamics_plugin
[ 89%] Built target ForceVisual
[ 89%] Built target gazebo_video_stream_widget
[ 89%] Built target gazebo_barometer_plugin
[ 90%] Built target klt_feature_tracker_generate_messages_lisp
[ 91%] Built target gazebo_wind_plugin
[ 92%] Built target gazebo_airship_dynamics_plugin
[ 93%] Built target klt_feature_tracker_generate_messages_py
[ 98%] Built target klt_feature_tracker_generate_messages_cpp
[ 98%] Built target klt_feature_tracker_generate_messages_nodejs
[ 98%] Built target gazebo_mavlink_interface
[ 98%] Built target AdvancedLiftDragPlugin
[100%] Built target feature_tracker_node
[100%] Built target klt_feature_tracker_generate_messages
