[  0%] Built target sensor_msgs_generate_messages_py
[  0%] Built target std_msgs_generate_messages_eus
[ 15%] Built target models_gen
[ 15%] Built target sensor_msgs_generate_messages_eus
[ 15%] Built target std_msgs_generate_messages_py
[ 19%] Built target nav_msgs
[ 19%] Built target std_msgs
[ 23%] Built target klt_feature_tracker
[ 35%] Built target sensor_msgs
[ 38%] Built target physics_msgs
[ 41%] Built target mav_msgs
[ 41%] Built target sensor_msgs_generate_messages_lisp
[ 41%] Built target sensor_msgs_generate_messages_nodejs
[ 41%] Built target std_msgs_generate_messages_cpp
[ 41%] Built target std_msgs_generate_messages_lisp
[ 41%] Built target std_msgs_generate_messages_nodejs
[ 41%] Built target sensor_msgs_generate_messages_cpp
[ 46%] Built target OpticalFlow
[ 46%] Built target _klt_feature_tracker_generate_messages_check_deps_TrackFeatures
[ 47%] Built target gazebo_irlock_plugin
[ 48%] Built target gazebo_gps_plugin
[ 49%] Built target gazebo_lidar_plugin
[ 50%] Built target gazebo_multirotor_base_plugin
[ 54%] Built target gazebo_sonar_plugin
[ 54%] Built target gazebo_opticalflow_mockup_plugin
[ 54%] Built target gazebo_gst_camera_plugin
[ 56%] Built target gazebo_controller_interface
[ 58%] Built target gazebo_camera_manager_plugin
[ 61%] Built target gazebo_user_camera_plugin
[ 62%] Built target gazebo_groundtruth_plugin
[ 64%] Built target gazebo_magnetometer_plugin
[ 65%] Built target gazebo_pose_sniffer_plugin
[ 66%] Built target LiftDragPlugin
[ 68%] Built target gazebo_catapult_plugin
[ 69%] Built target gazebo_airspeed_plugin
[ 72%] Built target gazebo_parachute_plugin
[ 73%] Built target gazebo_opticalflow_plugin
[ 75%] Built target gazebo_uuv_plugin
[ 78%] Built target gazebo_drop_plugin
[ 78%] Built target gazebo_vision_plugin
[ 79%] Built target gazebo_imu_plugin
[ 82%] Built target klt_feature_tracker_generate_messages_py
[ 82%] Built target klt_feature_tracker_generate_messages_eus
[ 82%] Built target klt_feature_tracker_generate_messages_lisp
[ 83%] Built target gazebo_gimbal_controller_plugin
[ 86%] Built target ForceVisual
[ 87%] Built target gazebo_video_stream_widget
[ 89%] Built target klt_feature_tracker_generate_messages_nodejs
[ 90%] Built target gazebo_motor_model
[ 93%] Built target gazebo_wind_plugin
[ 93%] Built target gazebo_usv_dynamics_plugin
[ 93%] Built target gazebo_barometer_plugin
[ 94%] Built target gazebo_airship_dynamics_plugin
[ 95%] Built target klt_feature_tracker_generate_messages_cpp
[ 96%] Built target AdvancedLiftDragPlugin
[ 98%] Built target gazebo_mavlink_interface
[ 98%] Built target klt_feature_tracker_generate_messages
[100%] Built target feature_tracker_node
