[  0%] Built target sensor_msgs_generate_messages_eus
[ 15%] Built target models_gen
[ 15%] Built target std_msgs_generate_messages_eus
[ 16%] Built target sensor_msgs_generate_messages_py
[ 16%] Built target sensor_msgs_generate_messages_lisp
[ 17%] Built target std_msgs_generate_messages_py
[ 17%] Built target std_msgs
[ 25%] Built target nav_msgs
[ 31%] Built target mav_msgs
[ 27%] Built target physics_msgs
[ 31%] Built target std_msgs_generate_messages_lisp
[ 25%] Built target sensor_msgs_generate_messages_nodejs
[ 37%] Built target klt_feature_tracker
[ 41%] Built target sensor_msgs
[ 41%] Built target std_msgs_generate_messages_cpp
[ 41%] Built target std_msgs_generate_messages_nodejs
[ 41%] Built target sensor_msgs_generate_messages_cpp
[ 41%] Built target _klt_feature_tracker_generate_messages_check_deps_TrackFeatures
[ 44%] Built target gazebo_sonar_plugin
[ 44%] Built target gazebo_irlock_plugin
[ 48%] Built target gazebo_controller_interface
[ 48%] Built target gazebo_lidar_plugin
[ 48%] Built target gazebo_gps_plugin
[ 49%] Built target gazebo_multirotor_base_plugin
[ 52%] Built target gazebo_gst_camera_plugin
[ 52%] Built target gazebo_opticalflow_mockup_plugin
[ 55%] Built target gazebo_user_camera_plugin
[ 56%] Built target gazebo_groundtruth_plugin
[ 58%] Built target gazebo_pose_sniffer_plugin
[ 59%] Built target gazebo_camera_manager_plugin
[ 61%] Built target gazebo_magnetometer_plugin
[ 64%] Built target gazebo_airspeed_plugin
[ 64%] Built target gazebo_catapult_plugin
[ 65%] Built target LiftDragPlugin
[ 69%] Built target OpticalFlow
[ 72%] Built target gazebo_uuv_plugin
[ 73%] Built target gazebo_drop_plugin
[ 74%] Built target gazebo_parachute_plugin
[ 76%] Built target gazebo_motor_model
[ 78%] Built target gazebo_vision_plugin
[ 82%] Built target gazebo_imu_plugin
[ 82%] Built target gazebo_airship_dynamics_plugin
[ 82%] Built target gazebo_gimbal_controller_plugin
[ 82%] Built target gazebo_wind_plugin
[ 84%] Built target gazebo_video_stream_widget
[ 86%] Built target klt_feature_tracker_generate_messages_eus
[ 88%] Built target gazebo_mavlink_interface
[ 89%] Built target klt_feature_tracker_generate_messages_lisp
[ 90%] Built target klt_feature_tracker_generate_messages_py
[ 91%] Built target klt_feature_tracker_generate_messages_nodejs
[ 92%] Built target ForceVisual
[ 93%] Built target klt_feature_tracker_generate_messages_cpp
[ 95%] Built target gazebo_usv_dynamics_plugin
[ 95%] Built target gazebo_barometer_plugin
[ 96%] Built target AdvancedLiftDragPlugin
[ 97%] Built target klt_feature_tracker_generate_messages
[ 98%] Built target gazebo_opticalflow_plugin
[100%] Built target feature_tracker_node
