[  0%] Built target std_msgs_generate_messages_eus
[  0%] Built target sensor_msgs_generate_messages_eus
[  0%] Built target sensor_msgs_generate_messages_py
[ 15%] Built target models_gen
[ 17%] Built target std_msgs_generate_messages_py
[ 17%] Built target sensor_msgs_generate_messages_nodejs
[ 17%] Built target std_msgs_generate_messages_lisp
[ 20%] Built target std_msgs
[ 22%] Built target sensor_msgs_generate_messages_lisp
[ 25%] Built target klt_feature_tracker
[ 33%] Built target sensor_msgs
[ 36%] Built target physics_msgs
[ 37%] Built target sensor_msgs_generate_messages_cpp
[ 37%] Built target std_msgs_generate_messages_cpp
[ 37%] Built target std_msgs_generate_messages_nodejs
[ 39%] Built target mav_msgs
[ 41%] Built target nav_msgs
[ 46%] Built target OpticalFlow
[ 49%] Built target gazebo_opticalflow_mockup_plugin
[ 49%] Built target gazebo_sonar_plugin
[ 49%] Built target gazebo_lidar_plugin
[ 50%] Built target gazebo_irlock_plugin
[ 50%] Built target _klt_feature_tracker_generate_messages_check_deps_TrackFeatures
[ 51%] Built target gazebo_multirotor_base_plugin
[ 52%] Built target gazebo_gps_plugin
[ 53%] Built target gazebo_pose_sniffer_plugin
[ 55%] Built target gazebo_groundtruth_plugin
[ 56%] Built target gazebo_gst_camera_plugin
[ 61%] Built target gazebo_controller_interface
[ 61%] Built target gazebo_magnetometer_plugin
[ 64%] Built target gazebo_camera_manager_plugin
[ 65%] Built target gazebo_user_camera_plugin
[ 66%] Built target LiftDragPlugin
[ 70%] Built target gazebo_opticalflow_plugin
[ 70%] Built target gazebo_catapult_plugin
[ 72%] Built target gazebo_airspeed_plugin
[ 74%] Built target gazebo_parachute_plugin
[ 75%] Built target gazebo_uuv_plugin
[ 77%] Built target gazebo_drop_plugin
[ 77%] Built target gazebo_imu_plugin
[ 78%] Built target gazebo_gimbal_controller_plugin
[ 87%] Built target gazebo_video_stream_widget
[ 87%] Built target gazebo_wind_plugin
[ 87%] Built target gazebo_motor_model
[ 87%] Built target gazebo_airship_dynamics_plugin
[ 87%] Built target gazebo_vision_plugin
[ 88%] Built target klt_feature_tracker_generate_messages_py
[ 89%] Built target klt_feature_tracker_generate_messages_eus
[ 91%] Built target gazebo_mavlink_interface
[ 92%] Built target klt_feature_tracker_generate_messages_lisp
[ 93%] Built target klt_feature_tracker_generate_messages_cpp
[ 96%] Built target ForceVisual
[ 96%] Built target gazebo_barometer_plugin
[ 96%] Built target gazebo_usv_dynamics_plugin
[ 97%] Built target klt_feature_tracker_generate_messages_nodejs
[ 98%] Built target AdvancedLiftDragPlugin
[100%] Built target feature_tracker_node
[100%] Built target klt_feature_tracker_generate_messages
