Symlinking /home/nagy/test/devel/include/klt_feature_tracker/TrackFeaturesResponse.h
Symlinking /home/nagy/test/devel/include/klt_feature_tracker/TrackFeatures.h
Symlinking /home/nagy/test/devel/include/klt_feature_tracker/TrackFeaturesRequest.h
Symlinking /home/nagy/test/devel/lib/libsensor_msgs.so
Symlinking /home/nagy/test/devel/lib/libgazebo_drop_plugin.so
Symlinking /home/nagy/test/devel/lib/libgazebo_camera_manager_plugin.so
Symlinking /home/nagy/test/devel/lib/libgazebo_wind_plugin.so
Symlinking /home/nagy/test/devel/lib/libphysics_msgs.so
Symlinking /home/nagy/test/devel/lib/libgazebo_sonar_plugin.so
Symlinking /home/nagy/test/devel/lib/libklt_feature_tracker.so
Symlinking /home/nagy/test/devel/lib/libgazebo_controller_interface.so
Symlinking /home/nagy/test/devel/lib/libnav_msgs.so
Symlinking /home/nagy/test/devel/lib/libAdvancedLiftDragPlugin.so
Symlinking /home/nagy/test/devel/lib/libgazebo_uuv_plugin.so
Symlinking /home/nagy/test/devel/lib/libgazebo_multirotor_base_plugin.so
Symlinking /home/nagy/test/devel/lib/libgazebo_irlock_plugin.so
Symlinking /home/nagy/test/devel/lib/libgazebo_pose_sniffer_plugin.so
Symlinking /home/nagy/test/devel/lib/libLiftDragPlugin.so
Symlinking /home/nagy/test/devel/lib/libgazebo_parachute_plugin.so
Symlinking /home/nagy/test/devel/lib/libmav_msgs.so
Symlinking /home/nagy/test/devel/lib/libgazebo_groundtruth_plugin.so
Symlinking /home/nagy/test/devel/lib/libgazebo_catapult_plugin.so
Symlinking /home/nagy/test/devel/lib/libgazebo_lidar_plugin.so
Symlinking /home/nagy/test/devel/lib/libstd_msgs.so
Symlinking /home/nagy/test/devel/lib/libgazebo_barometer_plugin.so
Symlinking /home/nagy/test/devel/lib/libForceVisual.so
Symlinking /home/nagy/test/devel/lib/libgazebo_video_stream_widget.so
Symlinking /home/nagy/test/devel/lib/libgazebo_opticalflow_mockup_plugin.so
Symlinking /home/nagy/test/devel/lib/libgazebo_airship_dynamics_plugin.so
Symlinking /home/nagy/test/devel/lib/libgazebo_imu_plugin.so
Symlinking /home/nagy/test/devel/lib/libgazebo_magnetometer_plugin.so
Symlinking /home/nagy/test/devel/lib/libgazebo_opticalflow_plugin.so
Symlinking /home/nagy/test/devel/lib/libgazebo_gimbal_controller_plugin.so
Symlinking /home/nagy/test/devel/lib/libgazebo_usv_dynamics_plugin.so
Symlinking /home/nagy/test/devel/lib/libgazebo_motor_model.so
Symlinking /home/nagy/test/devel/lib/libgazebo_gst_camera_plugin.so
Symlinking /home/nagy/test/devel/lib/libgazebo_mavlink_interface.so
Symlinking /home/nagy/test/devel/lib/libgazebo_gps_plugin.so
Symlinking /home/nagy/test/devel/lib/libgazebo_user_camera_plugin.so
Symlinking /home/nagy/test/devel/lib/libgazebo_vision_plugin.so
Symlinking /home/nagy/test/devel/lib/libgazebo_airspeed_plugin.so
Symlinking /home/nagy/test/devel/lib/pkgconfig/mavlink_sitl_gazebo.pc
Symlinking /home/nagy/test/devel/lib/pkgconfig/klt_feature_tracker.pc
Symlinking /home/nagy/test/devel/lib/python3/dist-packages/klt_feature_tracker/__init__.py
Symlinking /home/nagy/test/devel/lib/python3/dist-packages/klt_feature_tracker/srv/__init__.py
Symlinking /home/nagy/test/devel/lib/python3/dist-packages/klt_feature_tracker/srv/_TrackFeatures.py
Symlinking /home/nagy/test/devel/lib/klt_feature_tracker/feature_tracker_node
Symlinking /home/nagy/test/devel/etc/catkin/profile.d/cmake.lock
Symlinking /home/nagy/test/devel/etc/catkin/profile.d/50_sitl_gazebo_setup.sh
Symlinking /home/nagy/test/devel/share/roseus/ros/klt_feature_tracker/manifest.l
Symlinking /home/nagy/test/devel/share/roseus/ros/klt_feature_tracker/srv/TrackFeatures.l
Symlinking /home/nagy/test/devel/share/gennodejs/ros/klt_feature_tracker/_index.js
Symlinking /home/nagy/test/devel/share/gennodejs/ros/klt_feature_tracker/srv/_index.js
Symlinking /home/nagy/test/devel/share/gennodejs/ros/klt_feature_tracker/srv/TrackFeatures.js
Symlinking /home/nagy/test/devel/share/mavlink_sitl_gazebo/cmake/mavlink_sitl_gazeboConfig.cmake
Symlinking /home/nagy/test/devel/share/mavlink_sitl_gazebo/cmake/mavlink_sitl_gazeboConfig-version.cmake
Symlinking /home/nagy/test/devel/share/common-lisp/ros/klt_feature_tracker/srv/TrackFeatures.lisp
Symlinking /home/nagy/test/devel/share/common-lisp/ros/klt_feature_tracker/srv/_package.lisp
Symlinking /home/nagy/test/devel/share/common-lisp/ros/klt_feature_tracker/srv/_package_TrackFeatures.lisp
Symlinking /home/nagy/test/devel/share/common-lisp/ros/klt_feature_tracker/srv/klt_feature_tracker-srv.asd
Symlinking /home/nagy/test/devel/share/klt_feature_tracker/cmake/klt_feature_tracker-msg-extras.cmake
Symlinking /home/nagy/test/devel/share/klt_feature_tracker/cmake/klt_feature_trackerConfig-version.cmake
Symlinking /home/nagy/test/devel/share/klt_feature_tracker/cmake/klt_feature_tracker-msg-paths.cmake
Symlinking /home/nagy/test/devel/share/klt_feature_tracker/cmake/klt_feature_trackerConfig.cmake
