[  0%] Built target sensor_msgs_generate_messages_lisp
[  0%] Built target std_msgs_generate_messages_eus
[  1%] Built target sensor_msgs_generate_messages_py
[  2%] Built target std_msgs
[  2%] Built target std_msgs_generate_messages_py
[  4%] Built target sensor_msgs_generate_messages_nodejs
[  4%] Built target klt_feature_tracker
[ 18%] Built target models_gen
[ 18%] Built target sensor_msgs_generate_messages_eus
[ 21%] Built target physics_msgs
[ 21%] Built target std_msgs_generate_messages_lisp
[ 36%] Built target sensor_msgs
[ 40%] Built target nav_msgs
[ 41%] Built target mav_msgs
[ 41%] Built target sensor_msgs_generate_messages_cpp
[ 41%] Built target std_msgs_generate_messages_nodejs
[ 41%] Built target std_msgs_generate_messages_cpp
[ 46%] Built target OpticalFlow
[ 46%] Built target _klt_feature_tracker_generate_messages_check_deps_TrackFeatures
[ 50%] Built target gazebo_irlock_plugin
[ 50%] Built target gazebo_lidar_plugin
[ 50%] Built target gazebo_opticalflow_mockup_plugin
[ 50%] Built target gazebo_multirotor_base_plugin
[ 54%] Built target gazebo_sonar_plugin
[ 54%] Built target gazebo_gps_plugin
[ 54%] Built target gazebo_gst_camera_plugin
[ 56%] Built target gazebo_controller_interface
[ 59%] Built target gazebo_groundtruth_plugin
[ 59%] Built target gazebo_camera_manager_plugin
[ 61%] Built target gazebo_magnetometer_plugin
[ 62%] Built target gazebo_pose_sniffer_plugin
[ 65%] Built target gazebo_user_camera_plugin
[ 67%] Built target LiftDragPlugin
[ 68%] Built target gazebo_airspeed_plugin
[ 69%] Built target gazebo_catapult_plugin
[ 72%] Built target gazebo_uuv_plugin
[ 73%] Built target gazebo_drop_plugin
[ 75%] Built target gazebo_vision_plugin
[ 76%] Built target gazebo_imu_plugin
[ 78%] Built target gazebo_opticalflow_plugin
[ 79%] Built target gazebo_gimbal_controller_plugin
[ 82%] Built target gazebo_parachute_plugin
[ 82%] Built target gazebo_video_stream_widget
[ 84%] Built target gazebo_motor_model
[ 86%] Built target klt_feature_tracker_generate_messages_py
[ 87%] Built target gazebo_wind_plugin
[ 88%] Built target gazebo_airship_dynamics_plugin
[ 90%] Built target gazebo_mavlink_interface
[ 91%] Built target klt_feature_tracker_generate_messages_eus
[ 92%] Built target klt_feature_tracker_generate_messages_lisp
[ 93%] Built target gazebo_barometer_plugin
[ 94%] Built target klt_feature_tracker_generate_messages_nodejs
[ 95%] Built target gazebo_usv_dynamics_plugin
[ 96%] Built target klt_feature_tracker_generate_messages_cpp
[ 97%] Built target ForceVisual
[ 98%] Built target AdvancedLiftDragPlugin
[ 98%] Built target klt_feature_tracker_generate_messages
[100%] Built target feature_tracker_node
