[ 15%] Built target models_gen
[ 18%] Built target mav_msgs
[ 18%] Built target std_msgs_generate_messages_py
[ 18%] Built target sensor_msgs_generate_messages_py
[ 19%] Built target klt_feature_tracker
[ 19%] Built target sensor_msgs_generate_messages_cpp
[ 21%] Built target nav_msgs
[ 21%] Built target std_msgs_generate_messages_cpp
[ 24%] Built target physics_msgs
[ 26%] Built target std_msgs
[ 26%] Built target std_msgs_generate_messages_lisp
[ 26%] Built target std_msgs_generate_messages_eus
[ 26%] Built target sensor_msgs_generate_messages_lisp
[ 26%] Built target sensor_msgs_generate_messages_eus
[ 26%] Built target sensor_msgs_generate_messages_nodejs
[ 26%] Built target std_msgs_generate_messages_nodejs
[ 41%] Built target sensor_msgs
[ 46%] Built target OpticalFlow
[ 47%] Built target gazebo_irlock_plugin
[ 47%] Built target _klt_feature_tracker_generate_messages_check_deps_TrackFeatures
[ 56%] Built target gazebo_gps_plugin
[ 56%] Built target gazebo_sonar_plugin
[ 56%] Built target gazebo_opticalflow_mockup_plugin
[ 56%] Built target gazebo_airspeed_plugin
[ 56%] Built target gazebo_opticalflow_plugin
[ 56%] Built target gazebo_groundtruth_plugin
[ 58%] Built target gazebo_vision_plugin
[ 59%] Built target gazebo_lidar_plugin
[ 61%] Built target gazebo_uuv_plugin
[ 62%] Built target gazebo_camera_manager_plugin
[ 63%] Built target gazebo_multirotor_base_plugin
[ 66%] Built target gazebo_controller_interface
[ 66%] Built target gazebo_usv_dynamics_plugin
[ 67%] Built target gazebo_imu_plugin
[ 68%] Built target gazebo_gimbal_controller_plugin
[ 74%] Built target gazebo_catapult_plugin
[ 74%] Built target gazebo_wind_plugin
[ 76%] Built target gazebo_barometer_plugin
[ 76%] Built target gazebo_motor_model
[ 76%] Built target gazebo_magnetometer_plugin
[ 77%] Built target gazebo_parachute_plugin
[ 78%] Built target klt_feature_tracker_generate_messages_py
[ 79%] Built target klt_feature_tracker_generate_messages_cpp
[ 81%] Built target gazebo_mavlink_interface
[ 82%] Built target klt_feature_tracker_generate_messages_eus
[ 83%] Built target klt_feature_tracker_generate_messages_lisp
[ 84%] Built target klt_feature_tracker_generate_messages_nodejs
[ 86%] Built target gazebo_pose_sniffer_plugin
[ 86%] Built target klt_feature_tracker_generate_messages
[ 87%] Built target gazebo_airship_dynamics_plugin
[ 89%] Built target LiftDragPlugin
[ 89%] Built target ForceVisual
[ 90%] Built target gazebo_drop_plugin
[ 92%] Built target gazebo_gst_camera_plugin
[ 93%] Built target AdvancedLiftDragPlugin
[ 94%] Built target feature_tracker_node
[ 96%] Built target gazebo_video_stream_widget
[100%] Built target gazebo_user_camera_plugin
