[  1%] Built target std_msgs_generate_messages_eus
[  1%] Built target std_msgs_generate_messages_lisp
[  1%] Built target sensor_msgs_generate_messages_py
[  9%] Built target sensor_msgs_generate_messages_eus
[ 15%] Built target models_gen
[ 15%] Built target std_msgs_generate_messages_py
[ 20%] Built target sensor_msgs_generate_messages_nodejs
[ 23%] Built target std_msgs
[ 20%] Built target sensor_msgs_generate_messages_lisp
[ 25%] Built target mav_msgs
[ 27%] Built target physics_msgs
[ 38%] Built target sensor_msgs
[ 41%] Built target klt_feature_tracker
[ 41%] Built target nav_msgs
[ 41%] Built target std_msgs_generate_messages_cpp
[ 41%] Built target std_msgs_generate_messages_nodejs
[ 41%] Built target sensor_msgs_generate_messages_cpp
[ 41%] Built target _klt_feature_tracker_generate_messages_check_deps_TrackFeatures
[ 43%] Built target gazebo_irlock_plugin
[ 53%] Built target gazebo_camera_manager_plugin
[ 53%] Built target gazebo_lidar_plugin
[ 53%] Built target gazebo_sonar_plugin
[ 53%] Built target gazebo_multirotor_base_plugin
[ 53%] Built target gazebo_controller_interface
[ 53%] Built target gazebo_gps_plugin
[ 53%] Built target gazebo_gst_camera_plugin
[ 53%] Built target gazebo_opticalflow_mockup_plugin
[ 54%] Built target gazebo_pose_sniffer_plugin
[ 55%] Built target gazebo_groundtruth_plugin
[ 58%] Built target gazebo_airspeed_plugin
[ 60%] Built target gazebo_magnetometer_plugin
[ 63%] Built target gazebo_user_camera_plugin
[ 67%] Built target OpticalFlow
[ 70%] Built target LiftDragPlugin
[ 70%] Built target gazebo_catapult_plugin
[ 72%] Built target gazebo_uuv_plugin
[ 74%] Built target gazebo_vision_plugin
[ 76%] Built target gazebo_parachute_plugin
[ 76%] Built target gazebo_drop_plugin
[ 77%] Built target gazebo_imu_plugin
[ 79%] Built target gazebo_gimbal_controller_plugin
[ 80%] Built target gazebo_video_stream_widget
[ 82%] Built target gazebo_motor_model
[ 83%] Built target gazebo_wind_plugin
[ 86%] Built target gazebo_mavlink_interface
[ 91%] Built target gazebo_airship_dynamics_plugin
[ 91%] Built target gazebo_barometer_plugin
[ 91%] Built target klt_feature_tracker_generate_messages_eus
[ 91%] Built target klt_feature_tracker_generate_messages_cpp
[ 91%] Built target klt_feature_tracker_generate_messages_py
[ 92%] Built target klt_feature_tracker_generate_messages_lisp
[ 93%] Built target klt_feature_tracker_generate_messages_nodejs
[ 94%] Built target gazebo_usv_dynamics_plugin
[ 95%] Built target ForceVisual
[ 95%] Built target klt_feature_tracker_generate_messages
[ 96%] Built target AdvancedLiftDragPlugin
[ 97%] Built target feature_tracker_node
[100%] Built target gazebo_opticalflow_plugin
