[ 15%] Built target models_gen
[ 15%] Built target std_msgs_generate_messages_py
[ 15%] Built target sensor_msgs_generate_messages_py
[ 15%] Built target std_msgs_generate_messages_cpp
[ 15%] Built target sensor_msgs_generate_messages_cpp
[ 18%] Built target std_msgs
[ 21%] Built target nav_msgs
[ 22%] Built target mav_msgs
[ 25%] Built target physics_msgs
[ 25%] Built target sensor_msgs_generate_messages_eus
[ 26%] Built target klt_feature_tracker
[ 26%] Built target std_msgs_generate_messages_eus
[ 26%] Built target std_msgs_generate_messages_lisp
[ 26%] Built target sensor_msgs_generate_messages_lisp
[ 26%] Built target std_msgs_generate_messages_nodejs
[ 26%] Built target sensor_msgs_generate_messages_nodejs
[ 41%] Built target sensor_msgs
[ 46%] Built target OpticalFlow
[ 46%] Built target _klt_feature_tracker_generate_messages_check_deps_TrackFeatures
[ 59%] Built target gazebo_sonar_plugin
[ 59%] Built target gazebo_irlock_plugin
[ 59%] Built target gazebo_controller_interface
[ 59%] Built target gazebo_groundtruth_plugin
[ 59%] Built target gazebo_lidar_plugin
[ 59%] Built target gazebo_uuv_plugin
[ 59%] Built target gazebo_vision_plugin
[ 59%] Built target gazebo_airspeed_plugin
[ 60%] Built target gazebo_opticalflow_mockup_plugin
[ 61%] Built target gazebo_gps_plugin
[ 62%] Built target gazebo_camera_manager_plugin
[ 63%] Built target gazebo_gimbal_controller_plugin
[ 64%] Built target gazebo_usv_dynamics_plugin
[ 67%] Built target gazebo_multirotor_base_plugin
[ 67%] Built target gazebo_motor_model
[ 68%] Built target gazebo_wind_plugin
[ 69%] Built target gazebo_imu_plugin
[ 72%] Built target gazebo_parachute_plugin
[ 72%] Built target gazebo_catapult_plugin
[ 73%] Built target gazebo_barometer_plugin
[ 74%] Built target gazebo_pose_sniffer_plugin
[ 75%] Built target klt_feature_tracker_generate_messages_py
[ 77%] Built target gazebo_mavlink_interface
[ 79%] Built target gazebo_magnetometer_plugin
[ 80%] Built target klt_feature_tracker_generate_messages_cpp
[ 82%] Built target klt_feature_tracker_generate_messages_eus
[ 82%] Built target klt_feature_tracker_generate_messages_nodejs
[ 83%] Built target klt_feature_tracker_generate_messages_lisp
[ 83%] Built target klt_feature_tracker_generate_messages
[ 84%] Built target gazebo_airship_dynamics_plugin
[ 87%] Built target ForceVisual
[ 87%] Built target gazebo_drop_plugin
[ 88%] Built target LiftDragPlugin
[ 90%] Built target gazebo_gst_camera_plugin
[ 91%] Built target AdvancedLiftDragPlugin
[ 93%] Built target gazebo_video_stream_widget
[ 94%] Built target feature_tracker_node
[ 97%] Built target gazebo_user_camera_plugin
[100%] Built target gazebo_opticalflow_plugin
