[  1%] Built target sensor_msgs_generate_messages_eus
[  1%] Built target std_msgs_generate_messages_lisp
[  1%] Built target sensor_msgs_generate_messages_lisp
[  1%] Built target std_msgs_generate_messages_py
[  1%] Built target std_msgs_generate_messages_eus
[ 15%] Built target models_gen
[ 15%] Built target sensor_msgs_generate_messages_py
[ 18%] Built target mav_msgs
[ 29%] Built target klt_feature_tracker
[ 29%] Built target nav_msgs
[ 29%] Built target std_msgs
[ 31%] Built target physics_msgs
[ 41%] Built target sensor_msgs
[ 41%] Built target std_msgs_generate_messages_nodejs
[ 41%] Built target sensor_msgs_generate_messages_cpp
[ 41%] Built target sensor_msgs_generate_messages_nodejs
[ 41%] Built target std_msgs_generate_messages_cpp
[ 46%] Built target OpticalFlow
[ 53%] Built target gazebo_multirotor_base_plugin
[ 53%] Built target gazebo_lidar_plugin
[ 54%] Built target gazebo_gst_camera_plugin
[ 53%] Built target gazebo_irlock_plugin
[ 53%] Built target gazebo_opticalflow_mockup_plugin
[ 53%] Built target gazebo_sonar_plugin
[ 53%] Built target gazebo_gps_plugin
[ 56%] Built target gazebo_controller_interface
[ 56%] Built target _klt_feature_tracker_generate_messages_check_deps_TrackFeatures
[ 58%] Built target gazebo_groundtruth_plugin
[ 59%] Built target gazebo_camera_manager_plugin
[ 61%] Built target gazebo_magnetometer_plugin
[ 64%] Built target gazebo_user_camera_plugin
[ 65%] Built target gazebo_pose_sniffer_plugin
[ 66%] Built target gazebo_parachute_plugin
[ 68%] Built target gazebo_opticalflow_plugin
[ 70%] Built target gazebo_catapult_plugin
[ 70%] Built target LiftDragPlugin
[ 72%] Built target gazebo_drop_plugin
[ 76%] Built target gazebo_vision_plugin
[ 76%] Built target gazebo_airspeed_plugin
[ 78%] Built target gazebo_uuv_plugin
[ 79%] Built target gazebo_gimbal_controller_plugin
[ 80%] Built target gazebo_imu_plugin
[ 81%] Built target klt_feature_tracker_generate_messages_py
[ 82%] Built target klt_feature_tracker_generate_messages_eus
[ 83%] Built target klt_feature_tracker_generate_messages_lisp
[ 86%] Built target gazebo_video_stream_widget
[ 88%] Built target gazebo_motor_model
[ 89%] Built target gazebo_wind_plugin
[ 90%] Built target klt_feature_tracker_generate_messages_nodejs
[ 93%] Built target klt_feature_tracker_generate_messages_cpp
[ 93%] Built target gazebo_usv_dynamics_plugin
[ 93%] Built target gazebo_barometer_plugin
[ 96%] Built target gazebo_mavlink_interface
[ 96%] Built target ForceVisual
[ 97%] Built target AdvancedLiftDragPlugin
[ 98%] Built target gazebo_airship_dynamics_plugin
[ 98%] Built target klt_feature_tracker_generate_messages
[100%] Built target feature_tracker_node
