[  8%] Built target physics_msgs
[  6%] Built target std_msgs
[  8%] Built target mav_msgs
[ 24%] Built target sensor_msgs
[ 24%] Built target sensor_msgs_generate_messages_py
[ 10%] Built target sensor_msgs_generate_messages_eus
[ 22%] Built target std_msgs_generate_messages_eus
[ 26%] Built target std_msgs_generate_messages_py
[ 26%] Built target sensor_msgs_generate_messages_lisp
[ 27%] Built target nav_msgs
[ 40%] Built target models_gen
[ 41%] Built target klt_feature_tracker
[ 41%] Built target std_msgs_generate_messages_lisp
[ 41%] Built target std_msgs_generate_messages_cpp
[ 41%] Built target sensor_msgs_generate_messages_cpp
[ 41%] Built target _klt_feature_tracker_generate_messages_check_deps_TrackFeatures
[ 41%] Built target std_msgs_generate_messages_nodejs
[ 41%] Built target sensor_msgs_generate_messages_nodejs
[ 44%] Built target gazebo_irlock_plugin
[ 44%] Built target gazebo_opticalflow_mockup_plugin
[ 45%] Built target gazebo_lidar_plugin
[ 46%] Built target gazebo_multirotor_base_plugin
[ 47%] Built target gazebo_sonar_plugin
[ 49%] Built target gazebo_controller_interface
[ 50%] Built target gazebo_gps_plugin
[ 52%] Built target gazebo_gst_camera_plugin
[ 54%] Built target gazebo_magnetometer_plugin
[ 59%] Built target gazebo_user_camera_plugin
[ 59%] Built target gazebo_pose_sniffer_plugin
[ 60%] Built target gazebo_camera_manager_plugin
[ 61%] Built target gazebo_groundtruth_plugin
[ 65%] Built target OpticalFlow
[ 66%] Built target LiftDragPlugin
[ 69%] Built target gazebo_airspeed_plugin
[ 69%] Built target gazebo_catapult_plugin
[ 70%] Built target gazebo_parachute_plugin
[ 73%] Built target gazebo_uuv_plugin
[ 77%] Built target gazebo_imu_plugin
[ 77%] Built target gazebo_video_stream_widget
[ 78%] Built target gazebo_vision_plugin
[ 80%] Built target gazebo_motor_model
[ 81%] Built target gazebo_drop_plugin
[ 82%] Built target gazebo_gimbal_controller_plugin
[ 84%] Built target gazebo_mavlink_interface
[ 86%] Built target gazebo_wind_plugin
[ 87%] Built target gazebo_airship_dynamics_plugin
[ 90%] Built target klt_feature_tracker_generate_messages_lisp
[ 90%] Built target ForceVisual
[ 90%] Built target klt_feature_tracker_generate_messages_py
[ 91%] Built target gazebo_barometer_plugin
[ 92%] Built target klt_feature_tracker_generate_messages_eus
[ 93%] Built target klt_feature_tracker_generate_messages_nodejs
[ 94%] Built target klt_feature_tracker_generate_messages_cpp
[ 95%] Built target gazebo_usv_dynamics_plugin
[ 96%] Built target AdvancedLiftDragPlugin
[ 98%] Built target gazebo_opticalflow_plugin
[ 98%] Built target klt_feature_tracker_generate_messages
[100%] Built target feature_tracker_node
