[  0%] Built target sensor_msgs_generate_messages_eus
[  1%] Built target std_msgs_generate_messages_eus
[ 15%] Built target models_gen
[  0%] Built target std_msgs_generate_messages_py
[  0%] Built target sensor_msgs_generate_messages_lisp
[  0%] Built target sensor_msgs_generate_messages_py
[ 15%] Built target std_msgs_generate_messages_lisp
[ 17%] Built target nav_msgs
[ 25%] Built target physics_msgs
[ 26%] Built target mav_msgs
[ 38%] Built target sensor_msgs
[ 40%] Built target std_msgs
[ 41%] Built target klt_feature_tracker
[ 41%] Built target std_msgs_generate_messages_cpp
[ 41%] Built target std_msgs_generate_messages_nodejs
[ 41%] Built target sensor_msgs_generate_messages_cpp
[ 41%] Built target sensor_msgs_generate_messages_nodejs
[ 41%] Built target _klt_feature_tracker_generate_messages_check_deps_TrackFeatures
[ 43%] Built target gazebo_sonar_plugin
[ 44%] Built target gazebo_multirotor_base_plugin
[ 45%] Built target gazebo_lidar_plugin
[ 46%] Built target gazebo_irlock_plugin
[ 48%] Built target gazebo_gps_plugin
[ 48%] Built target gazebo_opticalflow_mockup_plugin
[ 50%] Built target gazebo_controller_interface
[ 52%] Built target gazebo_gst_camera_plugin
[ 53%] Built target gazebo_camera_manager_plugin
[ 56%] Built target gazebo_groundtruth_plugin
[ 58%] Built target gazebo_magnetometer_plugin
[ 58%] Built target gazebo_pose_sniffer_plugin
[ 61%] Built target gazebo_user_camera_plugin
[ 65%] Built target OpticalFlow
[ 66%] Built target LiftDragPlugin
[ 68%] Built target gazebo_airspeed_plugin
[ 69%] Built target gazebo_catapult_plugin
[ 70%] Built target gazebo_parachute_plugin
[ 73%] Built target gazebo_drop_plugin
[ 74%] Built target gazebo_uuv_plugin
[ 76%] Built target gazebo_vision_plugin
[ 77%] Built target gazebo_imu_plugin
[ 78%] Built target gazebo_gimbal_controller_plugin
[ 79%] Built target klt_feature_tracker_generate_messages_py
[ 81%] Built target gazebo_motor_model
[ 82%] Built target gazebo_wind_plugin
[ 84%] Built target gazebo_airship_dynamics_plugin
[ 84%] Built target gazebo_barometer_plugin
[ 87%] Built target klt_feature_tracker_generate_messages_lisp
[ 87%] Built target ForceVisual
[ 88%] Built target klt_feature_tracker_generate_messages_eus
[ 90%] Built target gazebo_video_stream_widget
[ 91%] Built target gazebo_usv_dynamics_plugin
[ 94%] Built target klt_feature_tracker_generate_messages_nodejs
[ 94%] Built target gazebo_mavlink_interface
[ 95%] Built target klt_feature_tracker_generate_messages_cpp
[ 96%] Built target AdvancedLiftDragPlugin
[ 96%] Built target klt_feature_tracker_generate_messages
[100%] Built target feature_tracker_node
[100%] Built target gazebo_opticalflow_plugin
