[  0%] Built target sensor_msgs_generate_messages_eus
[  1%] Built target std_msgs_generate_messages_eus
[  2%] Built target std_msgs
[  4%] Built target nav_msgs
[ 19%] Built target sensor_msgs
[ 20%] Built target klt_feature_tracker
[ 23%] Built target physics_msgs
[ 38%] Built target models_gen
[ 41%] Built target mav_msgs
[ 41%] Built target sensor_msgs_generate_messages_py
[ 41%] Built target sensor_msgs_generate_messages_lisp
[ 41%] Built target std_msgs_generate_messages_py
[ 41%] Built target std_msgs_generate_messages_lisp
[ 41%] Built target sensor_msgs_generate_messages_nodejs
[ 41%] Built target std_msgs_generate_messages_nodejs
[ 41%] Built target sensor_msgs_generate_messages_cpp
[ 41%] Built target std_msgs_generate_messages_cpp
[ 46%] Built target OpticalFlow
[ 47%] Built target gazebo_lidar_plugin
[ 50%] Built target gazebo_multirotor_base_plugin
[ 50%] Built target gazebo_sonar_plugin
[ 52%] Built target gazebo_irlock_plugin
[ 52%] Built target gazebo_gst_camera_plugin
[ 53%] Built target gazebo_opticalflow_mockup_plugin
[ 53%] Built target _klt_feature_tracker_generate_messages_check_deps_TrackFeatures
[ 55%] Built target gazebo_controller_interface
[ 56%] Built target gazebo_camera_manager_plugin
[ 59%] Built target gazebo_groundtruth_plugin
[ 59%] Built target gazebo_gps_plugin
[ 62%] Built target gazebo_user_camera_plugin
[ 63%] Built target gazebo_pose_sniffer_plugin
[ 67%] Built target gazebo_magnetometer_plugin
[ 67%] Built target gazebo_airspeed_plugin
[ 68%] Built target gazebo_catapult_plugin
[ 70%] Built target LiftDragPlugin
[ 74%] Built target gazebo_uuv_plugin
[ 72%] Built target gazebo_vision_plugin
[ 75%] Built target gazebo_drop_plugin
[ 78%] Built target gazebo_imu_plugin
[ 78%] Built target gazebo_gimbal_controller_plugin
[ 80%] Built target gazebo_parachute_plugin
[ 81%] Built target gazebo_opticalflow_plugin
[ 82%] Built target gazebo_motor_model
[ 83%] Built target gazebo_wind_plugin
[ 88%] Built target klt_feature_tracker_generate_messages_eus
[ 88%] Built target klt_feature_tracker_generate_messages_py
[ 88%] Built target gazebo_video_stream_widget
[ 92%] Built target gazebo_airship_dynamics_plugin
[ 92%] Built target gazebo_mavlink_interface
[ 92%] Built target gazebo_barometer_plugin
[ 93%] Built target klt_feature_tracker_generate_messages_nodejs
[ 94%] Built target klt_feature_tracker_generate_messages_lisp
[ 96%] Built target klt_feature_tracker_generate_messages_cpp
[ 96%] Built target ForceVisual
[ 98%] Built target gazebo_usv_dynamics_plugin
[ 98%] Built target AdvancedLiftDragPlugin
[ 98%] Built target klt_feature_tracker_generate_messages
[100%] Built target feature_tracker_node
