[35m[1mScanning dependencies of target sensor_msgs_generate_messages_nodejs[0m
[35m[1mScanning dependencies of target klt_feature_tracker[0m
[  0%] [34m[1mRunning cpp protocol buffer compiler on msgs/Int32.proto[0m
[35m[1mScanning dependencies of target std_msgs_generate_messages_py[0m
[35m[1mScanning dependencies of target models_gen[0m
[35m[1mScanning dependencies of target std_msgs_generate_messages_eus[0m
[35m[1mScanning dependencies of target sensor_msgs_generate_messages_eus[0m
[35m[1mScanning dependencies of target sensor_msgs_generate_messages_py[0m
[35m[1mScanning dependencies of target sensor_msgs_generate_messages_lisp[0m
[35m[1mScanning dependencies of target _klt_feature_tracker_generate_messages_check_deps_TrackFeatures[0m
[  1%] [34m[1mRunning cpp protocol buffer compiler on msgs/Odometry.proto[0m
[  1%] [34m[1mRunning cpp protocol buffer compiler on msgs/Wind.proto[0m
[  2%] [34m[1mRunning cpp protocol buffer compiler on msgs/MotorSpeed.proto[0m
[  1%] [34m[1mRunning cpp protocol buffer compiler on msgs/Pressure.proto[0m
[35m[1mScanning dependencies of target std_msgs_generate_messages_lisp[0m
[  2%] Built target sensor_msgs_generate_messages_nodejs
[  2%] Built target std_msgs_generate_messages_py
[  2%] Built target sensor_msgs_generate_messages_eus
[  2%] Built target std_msgs_generate_messages_eus
[  2%] Built target sensor_msgs_generate_messages_lisp
[  2%] Built target sensor_msgs_generate_messages_py
[  5%] Built target std_msgs_generate_messages_lisp
[ 17%] Built target models_gen
[ 18%] [34m[1mRunning cpp protocol buffer compiler on msgs/Force.proto[0m
[ 18%] [34m[1mRunning cpp protocol buffer compiler on msgs/CommandMotorSpeed.proto[0m
[ 18%] [34m[1mRunning cpp protocol buffer compiler on msgs/Airspeed.proto[0m
[ 20%] [34m[1mRunning cpp protocol buffer compiler on msgs/Float.proto[0m
[ 20%] [34m[1mRunning cpp protocol buffer compiler on msgs/Imu.proto[0m
[ 20%] [34m[1mRunning cpp protocol buffer compiler on msgs/Groundtruth.proto[0m
[ 20%] [34m[1mRunning cpp protocol buffer compiler on msgs/IRLock.proto[0m
[35m[1mScanning dependencies of target std_msgs_generate_messages_nodejs[0m
[35m[1mScanning dependencies of target std_msgs_generate_messages_cpp[0m
[35m[1mScanning dependencies of target sensor_msgs_generate_messages_cpp[0m
[35m[1mScanning dependencies of target std_msgs[0m
[ 21%] [34m[1mRunning cpp protocol buffer compiler on msgs/Range.proto[0m
[35m[1mScanning dependencies of target nav_msgs[0m
[ 21%] [34m[1mRunning cpp protocol buffer compiler on msgs/SITLGps.proto[0m
[ 21%] Built target std_msgs_generate_messages_nodejs
[ 21%] Built target sensor_msgs_generate_messages_cpp
[ 21%] Built target std_msgs_generate_messages_cpp
[ 22%] [34m[1mRunning cpp protocol buffer compiler on msgs/MagneticField.proto[0m
[ 23%] [34m[1mRunning cpp protocol buffer compiler on msgs/OpticalFlow.proto[0m
[ 24%] [32mBuilding CXX object OpticalFlow/klt_feature_tracker/CMakeFiles/klt_feature_tracker.dir/src/trackFeatures.cpp.o[0m
[ 26%] [32mBuilding CXX object CMakeFiles/std_msgs.dir/Int32.pb.cc.o[0m
[ 26%] [32mBuilding CXX object CMakeFiles/nav_msgs.dir/Odometry.pb.cc.o[0m
[35m[1mScanning dependencies of target physics_msgs[0m
[35m[1mScanning dependencies of target mav_msgs[0m
[ 26%] Built target _klt_feature_tracker_generate_messages_check_deps_TrackFeatures
[ 27%] [32mBuilding CXX object CMakeFiles/physics_msgs.dir/Force.pb.cc.o[0m
[35m[1mScanning dependencies of target sensor_msgs[0m
[ 27%] [32mBuilding CXX object CMakeFiles/physics_msgs.dir/Wind.pb.cc.o[0m
[ 29%] [32mBuilding CXX object CMakeFiles/mav_msgs.dir/MotorSpeed.pb.cc.o[0m
[ 29%] [32mBuilding CXX object CMakeFiles/mav_msgs.dir/CommandMotorSpeed.pb.cc.o[0m
[35m[1mScanning dependencies of target klt_feature_tracker_generate_messages_cpp[0m
[35m[1mScanning dependencies of target klt_feature_tracker_generate_messages_eus[0m
[35m[1mScanning dependencies of target klt_feature_tracker_generate_messages_py[0m
[35m[1mScanning dependencies of target klt_feature_tracker_generate_messages_lisp[0m
[35m[1mScanning dependencies of target klt_feature_tracker_generate_messages_nodejs[0m
[ 32%] [34m[1mGenerating Javascript code from klt_feature_tracker/TrackFeatures.srv[0m
[ 32%] [34m[1mGenerating EusLisp manifest code for klt_feature_tracker[0m
[ 32%] [34m[1mGenerating Python code from SRV klt_feature_tracker/TrackFeatures[0m
[ 33%] [34m[1mGenerating Lisp code from klt_feature_tracker/TrackFeatures.srv[0m
[ 32%] [34m[1mGenerating C++ code from klt_feature_tracker/TrackFeatures.srv[0m
[ 33%] [34m[1mGenerating EusLisp code from klt_feature_tracker/TrackFeatures.srv[0m
[ 34%] [32mBuilding CXX object CMakeFiles/sensor_msgs.dir/Imu.pb.cc.o[0m
[ 35%] [32mBuilding CXX object CMakeFiles/sensor_msgs.dir/Airspeed.pb.cc.o[0m
[ 35%] Built target klt_feature_tracker_generate_messages_lisp
[ 35%] [32mBuilding CXX object CMakeFiles/sensor_msgs.dir/IRLock.pb.cc.o[0m
[ 35%] Built target klt_feature_tracker_generate_messages_nodejs
[ 36%] [32mBuilding CXX object CMakeFiles/sensor_msgs.dir/Float.pb.cc.o[0m
[ 37%] [32mBuilding CXX object CMakeFiles/sensor_msgs.dir/Groundtruth.pb.cc.o[0m
[ 37%] Built target klt_feature_tracker_generate_messages_cpp
[ 37%] [32mBuilding CXX object CMakeFiles/sensor_msgs.dir/Range.pb.cc.o[0m
[ 38%] [34m[1mGenerating Python srv __init__.py for klt_feature_tracker[0m
[ 38%] Built target klt_feature_tracker_generate_messages_py
[33m[WARNING] klt_feature_tracker is not found in workspace[0m
[ 39%] [32mBuilding CXX object CMakeFiles/sensor_msgs.dir/SITLGps.pb.cc.o[0m
[ 39%] Built target klt_feature_tracker_generate_messages_eus
[35m[1mScanning dependencies of target klt_feature_tracker_generate_messages[0m
[ 39%] Built target klt_feature_tracker_generate_messages
[ 40%] [32mBuilding CXX object CMakeFiles/sensor_msgs.dir/OpticalFlow.pb.cc.o[0m
[ 41%] [32m[1mLinking CXX shared library /home/nagy/test/devel/.private/mavlink_sitl_gazebo/lib/libstd_msgs.so[0m
[ 41%] [32mBuilding CXX object CMakeFiles/sensor_msgs.dir/MagneticField.pb.cc.o[0m
[ 43%] [32mBuilding CXX object CMakeFiles/sensor_msgs.dir/Pressure.pb.cc.o[0m
[ 44%] [32m[1mLinking CXX shared library /home/nagy/test/devel/.private/mavlink_sitl_gazebo/lib/libphysics_msgs.so[0m
[ 45%] [32m[1mLinking CXX shared library /home/nagy/test/devel/.private/mavlink_sitl_gazebo/lib/libmav_msgs.so[0m
[ 45%] Built target std_msgs
[ 46%] [32m[1mLinking CXX shared library /home/nagy/test/devel/.private/mavlink_sitl_gazebo/lib/libnav_msgs.so[0m
[ 46%] Built target mav_msgs
[ 46%] Built target physics_msgs
[ 46%] Built target nav_msgs
[ 46%] [32m[1mLinking CXX shared library /home/nagy/test/devel/.private/mavlink_sitl_gazebo/lib/libklt_feature_tracker.so[0m
[ 46%] Built target klt_feature_tracker
[35m[1mScanning dependencies of target feature_tracker_node[0m
[35m[1mScanning dependencies of target OpticalFlow[0m
[ 46%] [32mBuilding CXX object OpticalFlow/CMakeFiles/OpticalFlow.dir/src/flow_px4.cpp.o[0m
[ 48%] [32mBuilding CXX object OpticalFlow/CMakeFiles/OpticalFlow.dir/src/px4flow.cpp.o[0m
[ 48%] [32mBuilding CXX object OpticalFlow/CMakeFiles/OpticalFlow.dir/src/optical_flow.cpp.o[0m
[ 49%] [32mBuilding CXX object OpticalFlow/CMakeFiles/OpticalFlow.dir/src/flow_opencv.cpp.o[0m
[ 49%] [32mBuilding CXX object OpticalFlow/klt_feature_tracker/CMakeFiles/feature_tracker_node.dir/src/nodes/feature_tracker_node.cpp.o[0m
[ 50%] [32m[1mLinking CXX shared library /home/nagy/test/devel/.private/mavlink_sitl_gazebo/lib/libsensor_msgs.so[0m
[ 50%] Built target sensor_msgs
[35m[1mScanning dependencies of target gazebo_irlock_plugin[0m
[ 51%] [34m[1mGenerating include/moc_gazebo_user_camera_plugin.cpp[0m
[35m[1mScanning dependencies of target gazebo_sonar_plugin[0m
[35m[1mScanning dependencies of target gazebo_gps_plugin[0m
[35m[1mScanning dependencies of target gazebo_controller_interface[0m
[35m[1mScanning dependencies of target gazebo_groundtruth_plugin[0m
[35m[1mScanning dependencies of target gazebo_camera_manager_plugin[0m
[35m[1mScanning dependencies of target gazebo_opticalflow_mockup_plugin[0m
[35m[1mScanning dependencies of target gazebo_magnetometer_plugin[0m
[35m[1mScanning dependencies of target gazebo_multirotor_base_plugin[0m
[35m[1mScanning dependencies of target gazebo_lidar_plugin[0m
[35m[1mScanning dependencies of target gazebo_gst_camera_plugin[0m
[35m[1mScanning dependencies of target gazebo_pose_sniffer_plugin[0m
[ 51%] [32mBuilding CXX object CMakeFiles/gazebo_pose_sniffer_plugin.dir/src/gazebo_pose_sniffer_plugin.cpp.o[0m
[ 52%] [32mBuilding CXX object CMakeFiles/gazebo_irlock_plugin.dir/src/gazebo_irlock_plugin.cpp.o[0m
[ 52%] [32mBuilding CXX object CMakeFiles/gazebo_lidar_plugin.dir/src/gazebo_lidar_plugin.cpp.o[0m
[ 52%] [32mBuilding CXX object CMakeFiles/gazebo_gps_plugin.dir/src/gazebo_gps_plugin.cpp.o[0m
[ 53%] [32mBuilding CXX object CMakeFiles/gazebo_sonar_plugin.dir/src/gazebo_sonar_plugin.cpp.o[0m
[ 54%] [32mBuilding CXX object CMakeFiles/gazebo_groundtruth_plugin.dir/src/gazebo_groundtruth_plugin.cpp.o[0m
[ 55%] [32mBuilding CXX object CMakeFiles/gazebo_controller_interface.dir/src/gazebo_controller_interface.cpp.o[0m
[ 55%] [32mBuilding CXX object CMakeFiles/gazebo_multirotor_base_plugin.dir/src/gazebo_multirotor_base_plugin.cpp.o[0m
[ 56%] [32mBuilding CXX object CMakeFiles/gazebo_opticalflow_mockup_plugin.dir/src/gazebo_opticalflow_mockup_plugin.cpp.o[0m
[ 58%] [32mBuilding CXX object CMakeFiles/gazebo_magnetometer_plugin.dir/src/gazebo_magnetometer_plugin.cpp.o[0m
[ 59%] [32mBuilding CXX object CMakeFiles/gazebo_gst_camera_plugin.dir/src/gazebo_gst_camera_plugin.cpp.o[0m
[ 59%] [32mBuilding CXX object CMakeFiles/gazebo_camera_manager_plugin.dir/src/gazebo_camera_manager_plugin.cpp.o[0m
[35m[1mScanning dependencies of target gazebo_user_camera_plugin[0m
[ 60%] [32mBuilding CXX object CMakeFiles/gazebo_user_camera_plugin.dir/include/moc_gazebo_user_camera_plugin.cpp.o[0m
[ 61%] [32m[1mLinking CXX shared library libOpticalFlow.so[0m
[ 61%] Built target OpticalFlow
[ 61%] [32mBuilding CXX object CMakeFiles/gazebo_user_camera_plugin.dir/src/gazebo_user_camera_plugin.cpp.o[0m
[ 62%] [32m[1mLinking CXX executable /home/nagy/test/devel/.private/mavlink_sitl_gazebo/lib/klt_feature_tracker/feature_tracker_node[0m
[ 62%] Built target feature_tracker_node
[35m[1mScanning dependencies of target gazebo_airspeed_plugin[0m
[ 63%] [32mBuilding CXX object CMakeFiles/gazebo_airspeed_plugin.dir/src/gazebo_airspeed_plugin.cpp.o[0m
[35m[1mScanning dependencies of target gazebo_catapult_plugin[0m
[ 64%] [32mBuilding CXX object CMakeFiles/gazebo_catapult_plugin.dir/src/gazebo_catapult_plugin.cpp.o[0m
[ 65%] [32m[1mLinking CXX shared library /home/nagy/test/devel/.private/mavlink_sitl_gazebo/lib/libgazebo_pose_sniffer_plugin.so[0m
[35m[1mScanning dependencies of target LiftDragPlugin[0m
[ 66%] [32mBuilding CXX object CMakeFiles/LiftDragPlugin.dir/src/liftdrag_plugin/liftdrag_plugin.cpp.o[0m
[ 66%] Built target gazebo_pose_sniffer_plugin
[35m[1mScanning dependencies of target gazebo_uuv_plugin[0m
[ 67%] [32mBuilding CXX object CMakeFiles/gazebo_uuv_plugin.dir/src/gazebo_uuv_plugin.cpp.o[0m
[ 68%] [32m[1mLinking CXX shared library /home/nagy/test/devel/.private/mavlink_sitl_gazebo/lib/libgazebo_multirotor_base_plugin.so[0m
[ 68%] [32m[1mLinking CXX shared library /home/nagy/test/devel/.private/mavlink_sitl_gazebo/lib/libgazebo_groundtruth_plugin.so[0m
[ 68%] Built target gazebo_multirotor_base_plugin
[35m[1mScanning dependencies of target gazebo_opticalflow_plugin[0m
[ 69%] [32m[1mLinking CXX shared library /home/nagy/test/devel/.private/mavlink_sitl_gazebo/lib/libgazebo_controller_interface.so[0m
[ 70%] [32mBuilding CXX object CMakeFiles/gazebo_opticalflow_plugin.dir/src/gazebo_opticalflow_plugin.cpp.o[0m
[ 72%] [32mBuilding CXX object CMakeFiles/gazebo_magnetometer_plugin.dir/src/geo_mag_declination.cpp.o[0m
[ 72%] [32m[1mLinking CXX shared library /home/nagy/test/devel/.private/mavlink_sitl_gazebo/lib/libgazebo_opticalflow_mockup_plugin.so[0m
[ 72%] Built target gazebo_groundtruth_plugin
[35m[1mScanning dependencies of target gazebo_parachute_plugin[0m
[ 72%] [32m[1mLinking CXX shared library /home/nagy/test/devel/.private/mavlink_sitl_gazebo/lib/libgazebo_sonar_plugin.so[0m
[ 72%] [32mBuilding CXX object CMakeFiles/gazebo_parachute_plugin.dir/src/gazebo_parachute_plugin.cpp.o[0m
[ 72%] Built target gazebo_controller_interface
[35m[1mScanning dependencies of target gazebo_drop_plugin[0m
[ 72%] [32m[1mLinking CXX shared library /home/nagy/test/devel/.private/mavlink_sitl_gazebo/lib/libgazebo_lidar_plugin.so[0m
[ 72%] [32mBuilding CXX object CMakeFiles/gazebo_drop_plugin.dir/src/gazebo_drop_plugin.cpp.o[0m
[ 72%] Built target gazebo_opticalflow_mockup_plugin
[35m[1mScanning dependencies of target gazebo_vision_plugin[0m
[ 73%] [32mBuilding CXX object CMakeFiles/gazebo_vision_plugin.dir/src/gazebo_vision_plugin.cpp.o[0m
[ 74%] [32m[1mLinking CXX shared library /home/nagy/test/devel/.private/mavlink_sitl_gazebo/lib/libgazebo_irlock_plugin.so[0m
[ 74%] Built target gazebo_sonar_plugin
[35m[1mScanning dependencies of target gazebo_gimbal_controller_plugin[0m
[ 75%] [32mBuilding CXX object CMakeFiles/gazebo_gimbal_controller_plugin.dir/src/gazebo_gimbal_controller_plugin.cpp.o[0m
[ 75%] Built target gazebo_lidar_plugin
[35m[1mScanning dependencies of target gazebo_imu_plugin[0m
[ 75%] [32mBuilding CXX object CMakeFiles/gazebo_imu_plugin.dir/src/gazebo_imu_plugin.cpp.o[0m
[ 76%] [32m[1mLinking CXX shared library /home/nagy/test/devel/.private/mavlink_sitl_gazebo/lib/libgazebo_gps_plugin.so[0m
[ 76%] Built target gazebo_irlock_plugin
[ 76%] [34m[1mGenerating include/moc_gazebo_video_stream_widget.cpp[0m
[ 76%] Built target gazebo_gps_plugin
[35m[1mScanning dependencies of target gazebo_mavlink_interface[0m
[ 77%] [32mBuilding CXX object CMakeFiles/gazebo_mavlink_interface.dir/src/gazebo_mavlink_interface.cpp.o[0m
[35m[1mScanning dependencies of target gazebo_video_stream_widget[0m
[ 78%] [32mBuilding CXX object CMakeFiles/gazebo_video_stream_widget.dir/include/moc_gazebo_video_stream_widget.cpp.o[0m
[ 79%] [32m[1mLinking CXX shared library /home/nagy/test/devel/.private/mavlink_sitl_gazebo/lib/libgazebo_airspeed_plugin.so[0m
[ 79%] [32m[1mLinking CXX shared library /home/nagy/test/devel/.private/mavlink_sitl_gazebo/lib/libgazebo_catapult_plugin.so[0m
[ 79%] Built target gazebo_airspeed_plugin
[ 80%] [32mBuilding CXX object CMakeFiles/gazebo_mavlink_interface.dir/src/mavlink_interface.cpp.o[0m
[ 80%] Built target gazebo_catapult_plugin
[35m[1mScanning dependencies of target gazebo_motor_model[0m
[ 81%] [32mBuilding CXX object CMakeFiles/gazebo_motor_model.dir/src/gazebo_motor_model.cpp.o[0m
[ 82%] [32m[1mLinking CXX shared library /home/nagy/test/devel/.private/mavlink_sitl_gazebo/lib/libgazebo_user_camera_plugin.so[0m
[ 82%] Built target gazebo_user_camera_plugin
[35m[1mScanning dependencies of target gazebo_wind_plugin[0m
[ 83%] [32m[1mLinking CXX shared library /home/nagy/test/devel/.private/mavlink_sitl_gazebo/lib/libgazebo_gst_camera_plugin.so[0m
[ 83%] [32mBuilding CXX object CMakeFiles/gazebo_wind_plugin.dir/src/gazebo_wind_plugin.cpp.o[0m
[ 83%] Built target gazebo_gst_camera_plugin
[35m[1mScanning dependencies of target gazebo_airship_dynamics_plugin[0m
[ 84%] [32mBuilding CXX object CMakeFiles/gazebo_airship_dynamics_plugin.dir/src/gazebo_airship_dynamics_plugin.cpp.o[0m
[35m[1mScanning dependencies of target gazebo_barometer_plugin[0m
[ 84%] [32mBuilding CXX object CMakeFiles/gazebo_barometer_plugin.dir/src/gazebo_barometer_plugin.cpp.o[0m
[ 86%] [32m[1mLinking CXX shared library /home/nagy/test/devel/.private/mavlink_sitl_gazebo/lib/libgazebo_camera_manager_plugin.so[0m
[ 86%] Built target gazebo_camera_manager_plugin
[35m[1mScanning dependencies of target gazebo_usv_dynamics_plugin[0m
[ 87%] [32mBuilding CXX object CMakeFiles/gazebo_usv_dynamics_plugin.dir/src/gazebo_usv_dynamics_plugin.cpp.o[0m
[ 88%] [32m[1mLinking CXX shared library /home/nagy/test/devel/.private/mavlink_sitl_gazebo/lib/libgazebo_uuv_plugin.so[0m
[ 88%] Built target gazebo_uuv_plugin
[35m[1mScanning dependencies of target ForceVisual[0m
[ 88%] [32mBuilding CXX object CMakeFiles/ForceVisual.dir/src/force_visual/force_visual.cpp.o[0m
[ 88%] [32m[1mLinking CXX shared library /home/nagy/test/devel/.private/mavlink_sitl_gazebo/lib/libgazebo_magnetometer_plugin.so[0m
[ 88%] [32m[1mLinking CXX shared library /home/nagy/test/devel/.private/mavlink_sitl_gazebo/lib/libLiftDragPlugin.so[0m
[ 88%] Built target gazebo_magnetometer_plugin
[35m[1mScanning dependencies of target AdvancedLiftDragPlugin[0m
[ 88%] [32mBuilding CXX object CMakeFiles/AdvancedLiftDragPlugin.dir/src/liftdrag_plugin/advanced_liftdrag_plugin.cpp.o[0m
[ 89%] [32mBuilding CXX object CMakeFiles/gazebo_video_stream_widget.dir/src/gazebo_video_stream_widget.cpp.o[0m
[ 89%] Built target LiftDragPlugin
[ 90%] [32m[1mLinking CXX shared library /home/nagy/test/devel/.private/mavlink_sitl_gazebo/lib/libgazebo_parachute_plugin.so[0m
[ 91%] [32m[1mLinking CXX shared library /home/nagy/test/devel/.private/mavlink_sitl_gazebo/lib/libgazebo_drop_plugin.so[0m
[ 92%] [32m[1mLinking CXX shared library /home/nagy/test/devel/.private/mavlink_sitl_gazebo/lib/libgazebo_vision_plugin.so[0m
[ 92%] Built target gazebo_parachute_plugin
[ 92%] Built target gazebo_vision_plugin
[ 93%] [32m[1mLinking CXX shared library /home/nagy/test/devel/.private/mavlink_sitl_gazebo/lib/libgazebo_imu_plugin.so[0m
[ 93%] Built target gazebo_drop_plugin
[ 93%] Built target gazebo_imu_plugin
[ 93%] [32m[1mLinking CXX shared library /home/nagy/test/devel/.private/mavlink_sitl_gazebo/lib/libgazebo_gimbal_controller_plugin.so[0m
[ 93%] Built target gazebo_gimbal_controller_plugin
[ 94%] [32m[1mLinking CXX shared library /home/nagy/test/devel/.private/mavlink_sitl_gazebo/lib/libgazebo_motor_model.so[0m
[ 94%] Built target gazebo_motor_model
[ 95%] [32m[1mLinking CXX shared library /home/nagy/test/devel/.private/mavlink_sitl_gazebo/lib/libgazebo_wind_plugin.so[0m
[ 95%] Built target gazebo_wind_plugin
[ 95%] [32m[1mLinking CXX shared library /home/nagy/test/devel/.private/mavlink_sitl_gazebo/lib/libgazebo_mavlink_interface.so[0m
[ 96%] [32m[1mLinking CXX shared library /home/nagy/test/devel/.private/mavlink_sitl_gazebo/lib/libgazebo_opticalflow_plugin.so[0m
[ 96%] Built target gazebo_mavlink_interface
[ 96%] [32m[1mLinking CXX shared library /home/nagy/test/devel/.private/mavlink_sitl_gazebo/lib/libgazebo_video_stream_widget.so[0m
[ 96%] [32m[1mLinking CXX shared library /home/nagy/test/devel/.private/mavlink_sitl_gazebo/lib/libgazebo_usv_dynamics_plugin.so[0m
[ 96%] Built target gazebo_opticalflow_plugin
[ 96%] Built target gazebo_usv_dynamics_plugin
[ 96%] [32m[1mLinking CXX shared library /home/nagy/test/devel/.private/mavlink_sitl_gazebo/lib/libgazebo_airship_dynamics_plugin.so[0m
[ 97%] [32m[1mLinking CXX shared library /home/nagy/test/devel/.private/mavlink_sitl_gazebo/lib/libgazebo_barometer_plugin.so[0m
[ 97%] Built target gazebo_video_stream_widget
[ 97%] Built target gazebo_barometer_plugin
[ 97%] Built target gazebo_airship_dynamics_plugin
[ 98%] [32m[1mLinking CXX shared library /home/nagy/test/devel/.private/mavlink_sitl_gazebo/lib/libAdvancedLiftDragPlugin.so[0m
[ 98%] Built target AdvancedLiftDragPlugin
[100%] [32m[1mLinking CXX shared library /home/nagy/test/devel/.private/mavlink_sitl_gazebo/lib/libForceVisual.so[0m
[100%] Built target ForceVisual
