[  0%] Built target std_msgs_generate_messages_py
[  0%] Built target sensor_msgs_generate_messages_lisp
[  0%] Built target sensor_msgs_generate_messages_nodejs
[  0%] Built target sensor_msgs_generate_messages_eus
[  2%] Built target std_msgs
[  2%] Built target sensor_msgs_generate_messages_py
[ 17%] Built target models_gen
[ 17%] Built target std_msgs_generate_messages_eus
[ 19%] Built target nav_msgs
[ 19%] Built target std_msgs_generate_messages_lisp
[ 22%] Built target klt_feature_tracker
[ 24%] Built target mav_msgs
[ 26%] Built target physics_msgs
[ 26%] Built target std_msgs_generate_messages_nodejs
[ 26%] Built target std_msgs_generate_messages_cpp
[ 26%] Built target sensor_msgs_generate_messages_cpp
[ 41%] Built target sensor_msgs
[ 41%] Built target _klt_feature_tracker_generate_messages_check_deps_TrackFeatures
[ 46%] Built target OpticalFlow
[ 50%] Built target gazebo_opticalflow_mockup_plugin
[ 50%] Built target gazebo_lidar_plugin
[ 51%] Built target gazebo_controller_interface
[ 50%] Built target gazebo_multirotor_base_plugin
[ 52%] Built target gazebo_irlock_plugin
[ 53%] Built target gazebo_pose_sniffer_plugin
[ 54%] Built target gazebo_sonar_plugin
[ 55%] Built target gazebo_gps_plugin
[ 58%] Built target gazebo_gst_camera_plugin
[ 59%] Built target gazebo_camera_manager_plugin
[ 63%] Built target gazebo_groundtruth_plugin
[ 64%] Built target gazebo_user_camera_plugin
[ 65%] Built target gazebo_magnetometer_plugin
[ 67%] Built target gazebo_airspeed_plugin
[ 70%] Built target gazebo_catapult_plugin
[ 70%] Built target gazebo_uuv_plugin
[ 73%] Built target gazebo_opticalflow_plugin
[ 77%] Built target LiftDragPlugin
[ 77%] Built target gazebo_drop_plugin
[ 77%] Built target gazebo_vision_plugin
[ 81%] Built target gazebo_parachute_plugin
[ 81%] Built target gazebo_wind_plugin
[ 81%] Built target gazebo_motor_model
[ 82%] Built target gazebo_imu_plugin
[ 84%] Built target gazebo_airship_dynamics_plugin
[ 86%] Built target gazebo_video_stream_widget
[ 87%] Built target gazebo_gimbal_controller_plugin
[ 88%] Built target klt_feature_tracker_generate_messages_eus
[ 90%] Built target gazebo_mavlink_interface
[ 91%] Built target klt_feature_tracker_generate_messages_lisp
[ 92%] Built target gazebo_barometer_plugin
[ 94%] Built target klt_feature_tracker_generate_messages_cpp
[ 94%] Built target klt_feature_tracker_generate_messages_py
[ 95%] Built target ForceVisual
[ 96%] Built target klt_feature_tracker_generate_messages_nodejs
[ 97%] Built target gazebo_usv_dynamics_plugin
[ 98%] Built target AdvancedLiftDragPlugin
[ 98%] Built target klt_feature_tracker_generate_messages
[100%] Built target feature_tracker_node
