[  1%] Built target sensor_msgs_generate_messages_lisp
[  1%] Built target std_msgs_generate_messages_py
[  5%] Built target sensor_msgs_generate_messages_eus
[ 13%] Built target sensor_msgs_generate_messages_py
[ 15%] Built target sensor_msgs_generate_messages_nodejs
[ 15%] Built target models_gen
[ 15%] Built target std_msgs_generate_messages_lisp
[ 19%] Built target klt_feature_tracker
[ 21%] Built target nav_msgs
[ 21%] Built target mav_msgs
[ 24%] Built target physics_msgs
[ 24%] Built target std_msgs_generate_messages_eus
[ 31%] Built target std_msgs
[ 41%] Built target sensor_msgs
[ 41%] Built target std_msgs_generate_messages_cpp
[ 41%] Built target sensor_msgs_generate_messages_cpp
[ 41%] Built target std_msgs_generate_messages_nodejs
[ 46%] Built target OpticalFlow
[ 46%] Built target _klt_feature_tracker_generate_messages_check_deps_TrackFeatures
[ 48%] Built target gazebo_lidar_plugin
[ 48%] Built target gazebo_irlock_plugin
[ 49%] Built target gazebo_sonar_plugin
[ 50%] Built target gazebo_opticalflow_mockup_plugin
[ 51%] Built target gazebo_multirotor_base_plugin
[ 60%] Built target gazebo_gps_plugin
[ 60%] Built target gazebo_controller_interface
[ 60%] Built target gazebo_magnetometer_plugin
[ 60%] Built target gazebo_gst_camera_plugin
[ 60%] Built target gazebo_camera_manager_plugin
[ 61%] Built target gazebo_pose_sniffer_plugin
[ 63%] Built target gazebo_groundtruth_plugin
[ 66%] Built target gazebo_user_camera_plugin
[ 67%] Built target gazebo_airspeed_plugin
[ 68%] Built target gazebo_catapult_plugin
[ 73%] Built target gazebo_opticalflow_plugin
[ 73%] Built target LiftDragPlugin
[ 74%] Built target gazebo_uuv_plugin
[ 76%] Built target gazebo_vision_plugin
[ 77%] Built target gazebo_parachute_plugin
[ 79%] Built target gazebo_airship_dynamics_plugin
[ 79%] Built target gazebo_drop_plugin
[ 80%] Built target gazebo_imu_plugin
[ 81%] Built target gazebo_gimbal_controller_plugin
[ 82%] Built target gazebo_wind_plugin
[ 84%] Built target gazebo_video_stream_widget
[ 87%] Built target gazebo_motor_model
[ 88%] Built target klt_feature_tracker_generate_messages_eus
[ 90%] Built target gazebo_mavlink_interface
[ 91%] Built target klt_feature_tracker_generate_messages_py
[ 92%] Built target gazebo_usv_dynamics_plugin
[ 93%] Built target gazebo_barometer_plugin
[ 94%] Built target klt_feature_tracker_generate_messages_lisp
[ 95%] Built target klt_feature_tracker_generate_messages_nodejs
[ 96%] Built target klt_feature_tracker_generate_messages_cpp
[ 97%] Built target ForceVisual
[ 98%] Built target AdvancedLiftDragPlugin
[ 98%] Built target klt_feature_tracker_generate_messages
[100%] Built target feature_tracker_node
