[  5%] Built target std_msgs_generate_messages_eus
[  5%] Built target sensor_msgs_generate_messages_eus
[  7%] Built target std_msgs
[ 30%] Built target models_gen
[ 32%] Built target sensor_msgs
[ 32%] Built target sensor_msgs_generate_messages_py
[ 34%] Built target nav_msgs
[ 36%] Built target std_msgs_generate_messages_py
[ 36%] Built target klt_feature_tracker
[ 38%] Built target physics_msgs
[ 38%] Built target std_msgs_generate_messages_lisp
[ 38%] Built target sensor_msgs_generate_messages_lisp
[ 41%] Built target mav_msgs
[ 41%] Built target std_msgs_generate_messages_nodejs
[ 41%] Built target sensor_msgs_generate_messages_nodejs
[ 41%] Built target std_msgs_generate_messages_cpp
[ 41%] Built target sensor_msgs_generate_messages_cpp
[ 43%] Built target _klt_feature_tracker_generate_messages_check_deps_TrackFeatures
[ 46%] Built target OpticalFlow
[ 49%] Built target gazebo_lidar_plugin
[ 49%] Built target gazebo_gps_plugin
[ 49%] Built target gazebo_irlock_plugin
[ 50%] Built target gazebo_opticalflow_mockup_plugin
[ 51%] Built target gazebo_multirotor_base_plugin
[ 52%] Built target gazebo_sonar_plugin
[ 56%] Built target gazebo_magnetometer_plugin
[ 56%] Built target gazebo_controller_interface
[ 59%] Built target gazebo_gst_camera_plugin
[ 60%] Built target gazebo_camera_manager_plugin
[ 62%] Built target gazebo_groundtruth_plugin
[ 64%] Built target gazebo_user_camera_plugin
[ 66%] Built target gazebo_airspeed_plugin
[ 67%] Built target gazebo_pose_sniffer_plugin
[ 68%] Built target LiftDragPlugin
[ 70%] Built target gazebo_catapult_plugin
[ 72%] Built target gazebo_uuv_plugin
[ 73%] Built target gazebo_parachute_plugin
[ 75%] Built target gazebo_opticalflow_plugin
[ 76%] Built target gazebo_drop_plugin
[ 78%] Built target gazebo_vision_plugin
[ 80%] Built target gazebo_video_stream_widget
[ 81%] Built target gazebo_imu_plugin
[ 82%] Built target gazebo_gimbal_controller_plugin
[ 84%] Built target gazebo_motor_model
[ 87%] Built target gazebo_mavlink_interface
[ 88%] Built target gazebo_wind_plugin
[ 89%] Built target gazebo_barometer_plugin
[ 90%] Built target gazebo_usv_dynamics_plugin
[ 91%] Built target gazebo_airship_dynamics_plugin
[ 92%] Built target ForceVisual
[ 93%] Built target klt_feature_tracker_generate_messages_nodejs
[ 94%] Built target klt_feature_tracker_generate_messages_eus
[ 95%] Built target klt_feature_tracker_generate_messages_py
[ 96%] Built target AdvancedLiftDragPlugin
[ 97%] Built target klt_feature_tracker_generate_messages_cpp
[ 98%] Built target klt_feature_tracker_generate_messages_lisp
[100%] Built target feature_tracker_node
[100%] Built target klt_feature_tracker_generate_messages
