[  1%] Built target klt_feature_tracker
[  1%] Built target sensor_msgs_generate_messages_cpp
[  6%] Built target std_msgs_generate_messages_cpp
[ 16%] Built target models_gen
[ 16%] Built target sensor_msgs_generate_messages_py
[ 16%] Built target std_msgs_generate_messages_py
[ 18%] Built target std_msgs
[ 21%] Built target physics_msgs
[ 24%] Built target mav_msgs
[ 26%] Built target nav_msgs
[ 26%] Built target std_msgs_generate_messages_lisp
[ 26%] Built target sensor_msgs_generate_messages_eus
[ 26%] Built target sensor_msgs_generate_messages_lisp
[ 26%] Built target sensor_msgs_generate_messages_nodejs
[ 26%] Built target std_msgs_generate_messages_nodejs
[ 26%] Built target std_msgs_generate_messages_eus
[ 41%] Built target sensor_msgs
[ 46%] Built target OpticalFlow
[ 46%] Built target _klt_feature_tracker_generate_messages_check_deps_TrackFeatures
[ 48%] Built target gazebo_irlock_plugin
[ 48%] Built target gazebo_groundtruth_plugin
[ 52%] Built target gazebo_opticalflow_mockup_plugin
[ 52%] Built target gazebo_gps_plugin
[ 53%] Built target gazebo_camera_manager_plugin
[ 53%] Built target gazebo_airspeed_plugin
[ 58%] Built target gazebo_vision_plugin
[ 58%] Built target gazebo_uuv_plugin
[ 59%] Built target gazebo_lidar_plugin
[ 60%] Built target gazebo_sonar_plugin
[ 62%] Built target gazebo_controller_interface
[ 63%] Built target gazebo_barometer_plugin
[ 64%] Built target gazebo_gimbal_controller_plugin
[ 66%] Built target gazebo_usv_dynamics_plugin
[ 67%] Built target gazebo_motor_model
[ 68%] Built target gazebo_imu_plugin
[ 70%] Built target gazebo_multirotor_base_plugin
[ 70%] Built target gazebo_pose_sniffer_plugin
[ 72%] Built target gazebo_wind_plugin
[ 73%] Built target gazebo_catapult_plugin
[ 75%] Built target gazebo_parachute_plugin
[ 76%] Built target gazebo_magnetometer_plugin
[ 78%] Built target gazebo_mavlink_interface
[ 79%] Built target klt_feature_tracker_generate_messages_py
[ 80%] Built target klt_feature_tracker_generate_messages_cpp
[ 81%] Built target klt_feature_tracker_generate_messages_eus
[ 82%] Built target klt_feature_tracker_generate_messages_lisp
[ 83%] Built target klt_feature_tracker_generate_messages_nodejs
[ 83%] Built target klt_feature_tracker_generate_messages
[ 84%] Built target gazebo_drop_plugin
[ 86%] Built target gazebo_airship_dynamics_plugin
[ 87%] Built target feature_tracker_node
[ 90%] Built target gazebo_video_stream_widget
[ 90%] Built target LiftDragPlugin
[ 91%] Built target ForceVisual
[ 93%] Built target gazebo_gst_camera_plugin
[ 94%] Built target AdvancedLiftDragPlugin
[ 97%] Built target gazebo_user_camera_plugin
[100%] Built target gazebo_opticalflow_plugin
