[ 12%] Built target std_msgs_generate_messages_cpp
[ 15%] Built target models_gen
[ 15%] Built target sensor_msgs_generate_messages_py
[ 15%] Built target std_msgs_generate_messages_py
[ 15%] Built target sensor_msgs_generate_messages_cpp
[ 19%] Built target std_msgs
[ 20%] Built target mav_msgs
[ 21%] Built target klt_feature_tracker
[ 24%] Built target physics_msgs
[ 24%] Built target sensor_msgs_generate_messages_eus
[ 26%] Built target nav_msgs
[ 26%] Built target std_msgs_generate_messages_eus
[ 26%] Built target std_msgs_generate_messages_lisp
[ 26%] Built target std_msgs_generate_messages_nodejs
[ 26%] Built target sensor_msgs_generate_messages_lisp
[ 41%] Built target sensor_msgs
[ 41%] Built target sensor_msgs_generate_messages_nodejs
[ 46%] Built target OpticalFlow
[ 46%] Built target _klt_feature_tracker_generate_messages_check_deps_TrackFeatures
[ 47%] Built target gazebo_sonar_plugin
[ 50%] Built target gazebo_irlock_plugin
[ 51%] Built target gazebo_opticalflow_mockup_plugin
[ 50%] Built target gazebo_groundtruth_plugin
[ 51%] Built target gazebo_gps_plugin
[ 53%] Built target gazebo_uuv_plugin
[ 54%] Built target gazebo_lidar_plugin
[ 56%] Built target gazebo_airspeed_plugin
[ 59%] Built target gazebo_vision_plugin
[ 60%] Built target gazebo_camera_manager_plugin
[ 62%] Built target gazebo_controller_interface
[ 65%] Built target gazebo_multirotor_base_plugin
[ 65%] Built target gazebo_imu_plugin
[ 65%] Built target gazebo_usv_dynamics_plugin
[ 66%] Built target gazebo_barometer_plugin
[ 68%] Built target gazebo_gimbal_controller_plugin
[ 70%] Built target gazebo_motor_model
[ 68%] Built target gazebo_wind_plugin
[ 74%] Built target gazebo_catapult_plugin
[ 74%] Built target gazebo_pose_sniffer_plugin
[ 75%] Built target gazebo_mavlink_interface
[ 77%] Built target gazebo_magnetometer_plugin
[ 78%] Built target gazebo_parachute_plugin
[ 79%] Built target klt_feature_tracker_generate_messages_py
[ 80%] Built target klt_feature_tracker_generate_messages_cpp
[ 81%] Built target klt_feature_tracker_generate_messages_lisp
[ 82%] Built target klt_feature_tracker_generate_messages_eus
[ 84%] Built target gazebo_drop_plugin
[ 84%] Built target gazebo_airship_dynamics_plugin
[ 87%] Built target gazebo_gst_camera_plugin
[ 89%] Built target gazebo_video_stream_widget
[ 90%] Built target ForceVisual
[ 91%] Built target LiftDragPlugin
[ 92%] Built target feature_tracker_node
[ 93%] Built target AdvancedLiftDragPlugin
[ 94%] Built target klt_feature_tracker_generate_messages_nodejs
[ 94%] Built target klt_feature_tracker_generate_messages
[ 97%] Built target gazebo_user_camera_plugin
[100%] Built target gazebo_opticalflow_plugin
