[  2%] Built target std_msgs_generate_messages_py
[  2%] Built target sensor_msgs_generate_messages_lisp
[  2%] Built target std_msgs_generate_messages_eus
[  2%] Built target sensor_msgs_generate_messages_nodejs
[  6%] Built target std_msgs_generate_messages_lisp
[  6%] Built target nav_msgs
[  6%] Built target std_msgs
[  7%] Built target sensor_msgs_generate_messages_py
[ 19%] Built target models_gen
[ 20%] Built target sensor_msgs_generate_messages_eus
[ 22%] Built target mav_msgs
[ 25%] Built target physics_msgs
[ 40%] Built target sensor_msgs
[ 41%] Built target klt_feature_tracker
[ 41%] Built target sensor_msgs_generate_messages_cpp
[ 41%] Built target std_msgs_generate_messages_nodejs
[ 41%] Built target std_msgs_generate_messages_cpp
[ 41%] Built target _klt_feature_tracker_generate_messages_check_deps_TrackFeatures
[ 45%] Built target gazebo_lidar_plugin
[ 45%] Built target gazebo_sonar_plugin
[ 46%] Built target gazebo_irlock_plugin
[ 45%] Built target gazebo_gps_plugin
[ 48%] Built target gazebo_controller_interface
[ 50%] Built target gazebo_multirotor_base_plugin
[ 50%] Built target gazebo_opticalflow_mockup_plugin
[ 52%] Built target gazebo_gst_camera_plugin
[ 53%] Built target gazebo_groundtruth_plugin
[ 55%] Built target gazebo_magnetometer_plugin
[ 58%] Built target gazebo_pose_sniffer_plugin
[ 60%] Built target gazebo_user_camera_plugin
[ 61%] Built target gazebo_camera_manager_plugin
[ 63%] Built target gazebo_airspeed_plugin
[ 67%] Built target OpticalFlow
[ 68%] Built target gazebo_catapult_plugin
[ 74%] Built target gazebo_drop_plugin
[ 74%] Built target LiftDragPlugin
[ 74%] Built target gazebo_parachute_plugin
[ 74%] Built target gazebo_uuv_plugin
[ 75%] Built target gazebo_imu_plugin
[ 76%] Built target gazebo_gimbal_controller_plugin
[ 78%] Built target gazebo_airship_dynamics_plugin
[ 78%] Built target gazebo_wind_plugin
[ 80%] Built target gazebo_vision_plugin
[ 81%] Built target klt_feature_tracker_generate_messages_py
[ 86%] Built target gazebo_motor_model
[ 86%] Built target gazebo_video_stream_widget
[ 87%] Built target klt_feature_tracker_generate_messages_eus
[ 88%] Built target klt_feature_tracker_generate_messages_nodejs
[ 90%] Built target gazebo_mavlink_interface
[ 91%] Built target klt_feature_tracker_generate_messages_lisp
[ 92%] Built target gazebo_barometer_plugin
[ 93%] Built target klt_feature_tracker_generate_messages_cpp
[ 94%] Built target ForceVisual
[ 95%] Built target gazebo_usv_dynamics_plugin
[ 96%] Built target AdvancedLiftDragPlugin
[ 96%] Built target klt_feature_tracker_generate_messages
[ 98%] Built target gazebo_opticalflow_plugin
[100%] Built target feature_tracker_node
