[  0%] Built target sensor_msgs_generate_messages_lisp
[  0%] Built target sensor_msgs_generate_messages_eus
[  0%] Built target std_msgs_generate_messages_eus
[  0%] Built target sensor_msgs_generate_messages_nodejs
[  0%] Built target sensor_msgs_generate_messages_py
[  0%] Built target std_msgs_generate_messages_lisp
[ 15%] Built target models_gen
[ 19%] Built target klt_feature_tracker
[ 23%] Built target physics_msgs
[ 34%] Built target sensor_msgs
[ 34%] Built target std_msgs_generate_messages_py
[ 38%] Built target std_msgs
[ 38%] Built target nav_msgs
[ 41%] Built target mav_msgs
[ 41%] Built target std_msgs_generate_messages_cpp
[ 41%] Built target std_msgs_generate_messages_nodejs
[ 41%] Built target sensor_msgs_generate_messages_cpp
[ 46%] Built target OpticalFlow
[ 46%] Built target _klt_feature_tracker_generate_messages_check_deps_TrackFeatures
[ 51%] Built target gazebo_irlock_plugin
[ 51%] Built target gazebo_opticalflow_mockup_plugin
[ 51%] Built target gazebo_multirotor_base_plugin
[ 51%] Built target gazebo_gps_plugin
[ 51%] Built target gazebo_lidar_plugin
[ 52%] Built target gazebo_sonar_plugin
[ 56%] Built target gazebo_gst_camera_plugin
[ 56%] Built target gazebo_groundtruth_plugin
[ 58%] Built target gazebo_controller_interface
[ 59%] Built target gazebo_pose_sniffer_plugin
[ 60%] Built target gazebo_camera_manager_plugin
[ 62%] Built target gazebo_magnetometer_plugin
[ 65%] Built target gazebo_user_camera_plugin
[ 66%] Built target gazebo_catapult_plugin
[ 68%] Built target gazebo_airspeed_plugin
[ 69%] Built target LiftDragPlugin
[ 74%] Built target gazebo_opticalflow_plugin
[ 74%] Built target gazebo_uuv_plugin
[ 75%] Built target gazebo_drop_plugin
[ 76%] Built target gazebo_parachute_plugin
[ 77%] Built target gazebo_imu_plugin
[ 79%] Built target gazebo_vision_plugin
[ 82%] Built target gazebo_motor_model
[ 83%] Built target gazebo_wind_plugin
[ 84%] Built target klt_feature_tracker_generate_messages_eus
[ 84%] Built target gazebo_gimbal_controller_plugin
[ 86%] Built target gazebo_airship_dynamics_plugin
[ 87%] Built target klt_feature_tracker_generate_messages_py
[ 89%] Built target gazebo_video_stream_widget
[ 92%] Built target gazebo_mavlink_interface
[ 92%] Built target klt_feature_tracker_generate_messages_cpp
[ 93%] Built target klt_feature_tracker_generate_messages_lisp
[ 94%] Built target klt_feature_tracker_generate_messages_nodejs
[ 97%] Built target gazebo_barometer_plugin
[ 97%] Built target gazebo_usv_dynamics_plugin
[ 97%] Built target ForceVisual
[ 98%] Built target klt_feature_tracker_generate_messages
[ 98%] Built target AdvancedLiftDragPlugin
[100%] Built target feature_tracker_node
