[  0%] Built target sensor_msgs_generate_messages_eus
[  0%] Built target sensor_msgs_generate_messages_py
[  0%] Built target sensor_msgs_generate_messages_lisp
[  0%] Built target std_msgs_generate_messages_nodejs
[  1%] Built target std_msgs_generate_messages_py
[  3%] Built target mav_msgs
[  7%] Built target std_msgs_generate_messages_eus
[ 10%] Built target sensor_msgs_generate_messages_nodejs
[ 18%] Built target models_gen
[ 18%] Built target std_msgs_generate_messages_lisp
[ 33%] Built target sensor_msgs
[ 35%] Built target std_msgs
[ 38%] Built target physics_msgs
[ 41%] Built target klt_feature_tracker
[ 41%] Built target nav_msgs
[ 41%] Built target sensor_msgs_generate_messages_cpp
[ 41%] Built target std_msgs_generate_messages_cpp
[ 41%] Built target _klt_feature_tracker_generate_messages_check_deps_TrackFeatures
[ 43%] Built target gazebo_pose_sniffer_plugin
[ 50%] Built target gazebo_opticalflow_mockup_plugin
[ 50%] Built target gazebo_lidar_plugin
[ 50%] Built target gazebo_multirotor_base_plugin
[ 50%] Built target gazebo_irlock_plugin
[ 50%] Built target gazebo_gps_plugin
[ 50%] Built target gazebo_gst_camera_plugin
[ 51%] Built target gazebo_sonar_plugin
[ 52%] Built target gazebo_groundtruth_plugin
[ 54%] Built target gazebo_controller_interface
[ 56%] Built target gazebo_magnetometer_plugin
[ 58%] Built target gazebo_catapult_plugin
[ 60%] Built target gazebo_airspeed_plugin
[ 61%] Built target gazebo_camera_manager_plugin
[ 64%] Built target gazebo_user_camera_plugin
[ 68%] Built target OpticalFlow
[ 69%] Built target LiftDragPlugin
[ 74%] Built target gazebo_uuv_plugin
[ 76%] Built target gazebo_imu_plugin
[ 76%] Built target gazebo_vision_plugin
[ 74%] Built target gazebo_parachute_plugin
[ 77%] Built target gazebo_drop_plugin
[ 79%] Built target gazebo_motor_model
[ 90%] Built target gazebo_video_stream_widget
[ 90%] Built target gazebo_gimbal_controller_plugin
[ 90%] Built target gazebo_usv_dynamics_plugin
[ 90%] Built target ForceVisual
[ 90%] Built target gazebo_wind_plugin
[ 90%] Built target gazebo_airship_dynamics_plugin
[ 90%] Built target gazebo_barometer_plugin
[ 90%] Built target gazebo_mavlink_interface
[ 91%] Built target klt_feature_tracker_generate_messages_eus
[ 93%] Built target klt_feature_tracker_generate_messages_nodejs
[ 93%] Built target klt_feature_tracker_generate_messages_cpp
[ 94%] Built target klt_feature_tracker_generate_messages_py
[ 95%] Built target klt_feature_tracker_generate_messages_lisp
[ 96%] Built target AdvancedLiftDragPlugin
[ 96%] Built target klt_feature_tracker_generate_messages
[ 98%] Built target gazebo_opticalflow_plugin
[100%] Built target feature_tracker_node
