[01m[K/home/nagy/test/src/particle_shooter/src/particle_shooter_plugin.cpp:345:[m[K [01;31m[Kerror: [m[Kunterminated argument list invoking macro "ROS_FATAL_STREAM"
  345 | }
      | 
[01m[K/home/nagy/test/src/particle_shooter/src/particle_shooter_plugin.cpp:58:13:[m[K [01;31m[Kerror: [m[Kexpected ‘[01m[K}[m[K’ at end of input
   58 |             [01;31m[KROS_FATAL_STREAM[m[K(particleModel->GetName();//->AddForce(ignition::math::Vector3d(1.,0.,0.));
      |             [01;31m[K^~~~~~~~~~~~~~~~[m[K
[01m[K/home/nagy/test/src/particle_shooter/src/particle_shooter_plugin.cpp:25:5:[m[K [01;36m[Knote: [m[Kto match this ‘[01m[K{[m[K’
   25 |     [01;36m[K{[m[K
      |     [01;36m[K^[m[K
In file included from [01m[K/opt/ros/noetic/include/ros/ros.h:40[m[K,
                 from [01m[K/home/nagy/test/src/particle_shooter/src/particle_shooter_plugin.cpp:2[m[K:
[01m[K/home/nagy/test/src/particle_shooter/src/particle_shooter_plugin.cpp:[m[K In member function ‘[01m[Kvirtual void gazebo::ParticleShooterPlugin::Load(gazebo::physics::WorldPtr, sdf::v9::ElementPtr)[m[K’:
[01m[K/home/nagy/test/src/particle_shooter/src/particle_shooter_plugin.cpp:37:93:[m[K [01;31m[Kerror: [m[K‘[01m[KPLUGIN_NAME[m[K’ was not declared in this scope
   37 |               ROS_FATAL_STREAM("A ROS node in gazebo is not initialized. Unable to load" << [01;31m[KPLUGIN_NAME[m[K);
      |                                                                                             [01;31m[K^~~~~~~~~~~[m[K
[01m[K/opt/ros/noetic/include/ros/console.h:361:64:[m[K [01;36m[Knote: [m[Kin definition of macro ‘[01m[KROSCONSOLE_PRINT_STREAM_AT_LOCATION_WITH_FILTER[m[K’
  361 |     __rosconsole_print_stream_at_location_with_filter__ss__ << [01;36m[Kargs[m[K; \
      |                                                                [01;36m[K^~~~[m[K
[01m[K/opt/ros/noetic/include/ros/console.h:409:7:[m[K [01;36m[Knote: [m[Kin expansion of macro ‘[01m[KROSCONSOLE_PRINT_STREAM_AT_LOCATION[m[K’
  409 |       [01;36m[KROSCONSOLE_PRINT_STREAM_AT_LOCATION[m[K(args); \
      |       [01;36m[K^~~~~~~~~~~~~~~~~~~~~~~~~~~~~~~~~~~[m[K
[01m[K/opt/ros/noetic/include/ros/console.h:582:43:[m[K [01;36m[Knote: [m[Kin expansion of macro ‘[01m[KROS_LOG_STREAM_COND[m[K’
  582 | #define ROS_LOG_STREAM(level, name, args) [01;36m[KROS_LOG_STREAM_COND[m[K(true, level, name, args)
      |                                           [01;36m[K^~~~~~~~~~~~~~~~~~~[m[K
[01m[K/opt/ros/noetic/include/rosconsole/macros_generated.h:267:32:[m[K [01;36m[Knote: [m[Kin expansion of macro ‘[01m[KROS_LOG_STREAM[m[K’
  267 | #define ROS_FATAL_STREAM(args) [01;36m[KROS_LOG_STREAM[m[K(::ros::console::levels::Fatal, ROSCONSOLE_DEFAULT_NAME, args)
      |                                [01;36m[K^~~~~~~~~~~~~~[m[K
[01m[K/home/nagy/test/src/particle_shooter/src/particle_shooter_plugin.cpp:37:15:[m[K [01;36m[Knote: [m[Kin expansion of macro ‘[01m[KROS_FATAL_STREAM[m[K’
   37 |               [01;36m[KROS_FATAL_STREAM[m[K("A ROS node in gazebo is not initialized. Unable to load" << PLUGIN_NAME);
      |               [01;36m[K^~~~~~~~~~~~~~~~[m[K
[01m[K/home/nagy/test/src/particle_shooter/src/particle_shooter_plugin.cpp:58:13:[m[K [01;31m[Kerror: [m[K‘[01m[KROS_FATAL_STREAM[m[K’ was not declared in this scope
   58 |             [01;31m[KROS_FATAL_STREAM[m[K(particleModel->GetName();//->AddForce(ignition::math::Vector3d(1.,0.,0.));
      |             [01;31m[K^~~~~~~~~~~~~~~~[m[K
[01m[K/home/nagy/test/src/particle_shooter/src/particle_shooter_plugin.cpp:58:13:[m[K [01;31m[Kerror: [m[Kexpected ‘[01m[K}[m[K’ at end of input
[01m[K/home/nagy/test/src/particle_shooter/src/particle_shooter_plugin.cpp:33:9:[m[K [01;36m[Knote: [m[Kto match this ‘[01m[K{[m[K’
   33 |         [01;36m[K{[m[K
      |         [01;36m[K^[m[K
[01m[K/home/nagy/test/src/particle_shooter/src/particle_shooter_plugin.cpp:[m[K At global scope:
[01m[K/home/nagy/test/src/particle_shooter/src/particle_shooter_plugin.cpp:58:13:[m[K [01;31m[Kerror: [m[Kexpected unqualified-id at end of input
   58 |             [01;31m[KROS_FATAL_STREAM[m[K(particleModel->GetName();//->AddForce(ignition::math::Vector3d(1.,0.,0.));
      |             [01;31m[K^~~~~~~~~~~~~~~~[m[K
[01m[K/home/nagy/test/src/particle_shooter/src/particle_shooter_plugin.cpp:58:13:[m[K [01;31m[Kerror: [m[Kexpected ‘[01m[K}[m[K’ at end of input
[01m[K/home/nagy/test/src/particle_shooter/src/particle_shooter_plugin.cpp:23:1:[m[K [01;36m[Knote: [m[Kto match this ‘[01m[K{[m[K’
   23 | [01;36m[K{[m[K
      | [01;36m[K^[m[K
make[2]: *** [CMakeFiles/particle_shooter_plugin.dir/build.make:63: CMakeFiles/particle_shooter_plugin.dir/src/particle_shooter_plugin.cpp.o] Error 1
make[1]: *** [CMakeFiles/Makefile2:207: CMakeFiles/particle_shooter_plugin.dir/all] Error 2
make: *** [Makefile:141: all] Error 2
