Performing C SOURCE FILE Test CMAKE_HAVE_LIBC_PTHREAD failed with the following output:
Change Dir: /home/nagy/test/build/find_source/CMakeFiles/CMakeScratch/TryCompile-Y4unXJ

Run Build Command(s):/usr/bin/make -f Makefile cmTC_1b7bb/fast && /usr/bin/make  -f CMakeFiles/cmTC_1b7bb.dir/build.make CMakeFiles/cmTC_1b7bb.dir/build
make[1]: Entering directory '/home/nagy/test/build/find_source/CMakeFiles/CMakeScratch/TryCompile-Y4unXJ'
Building C object CMakeFiles/cmTC_1b7bb.dir/src.c.o
/usr/bin/cc -DCMAKE_HAVE_LIBC_PTHREAD   -o CMakeFiles/cmTC_1b7bb.dir/src.c.o -c /home/nagy/test/build/find_source/CMakeFiles/CMakeScratch/TryCompile-Y4unXJ/src.c
Linking C executable cmTC_1b7bb
/home/nagy/.local/lib/python3.8/site-packages/cmake/data/bin/cmake -E cmake_link_script CMakeFiles/cmTC_1b7bb.dir/link.txt --verbose=1
/usr/bin/cc -rdynamic CMakeFiles/cmTC_1b7bb.dir/src.c.o -o cmTC_1b7bb 
/usr/bin/ld: CMakeFiles/cmTC_1b7bb.dir/src.c.o: in function `main':
src.c:(.text+0x46): undefined reference to `pthread_create'
/usr/bin/ld: src.c:(.text+0x52): undefined reference to `pthread_detach'
/usr/bin/ld: src.c:(.text+0x5e): undefined reference to `pthread_cancel'
/usr/bin/ld: src.c:(.text+0x6f): undefined reference to `pthread_join'
collect2: error: ld returned 1 exit status
make[1]: *** [CMakeFiles/cmTC_1b7bb.dir/build.make:99: cmTC_1b7bb] Error 1
make[1]: Leaving directory '/home/nagy/test/build/find_source/CMakeFiles/CMakeScratch/TryCompile-Y4unXJ'
make: *** [Makefile:127: cmTC_1b7bb/fast] Error 2


Source file was:
#include <pthread.h>

static void* test_func(void* data)
{
  return data;
}

int main(void)
{
  pthread_t thread;
  pthread_create(&thread, NULL, test_func, NULL);
  pthread_detach(thread);
  pthread_cancel(thread);
  pthread_join(thread, NULL);
  pthread_atfork(NULL, NULL, NULL);
  pthread_exit(NULL);

  return 0;
}


Determining if the function pthread_create exists in the pthreads failed with the following output:
Change Dir: /home/nagy/test/build/find_source/CMakeFiles/CMakeScratch/TryCompile-I17qsJ

Run Build Command(s):/usr/bin/make -f Makefile cmTC_b0ee9/fast && /usr/bin/make  -f CMakeFiles/cmTC_b0ee9.dir/build.make CMakeFiles/cmTC_b0ee9.dir/build
make[1]: Entering directory '/home/nagy/test/build/find_source/CMakeFiles/CMakeScratch/TryCompile-I17qsJ'
Building C object CMakeFiles/cmTC_b0ee9.dir/CheckFunctionExists.c.o
/usr/bin/cc   -DCHECK_FUNCTION_EXISTS=pthread_create -o CMakeFiles/cmTC_b0ee9.dir/CheckFunctionExists.c.o -c /home/nagy/test/build/find_source/CMakeFiles/CMakeScratch/TryCompile-I17qsJ/CheckFunctionExists.c
Linking C executable cmTC_b0ee9
/home/nagy/.local/lib/python3.8/site-packages/cmake/data/bin/cmake -E cmake_link_script CMakeFiles/cmTC_b0ee9.dir/link.txt --verbose=1
/usr/bin/cc  -DCHECK_FUNCTION_EXISTS=pthread_create -rdynamic CMakeFiles/cmTC_b0ee9.dir/CheckFunctionExists.c.o -o cmTC_b0ee9  -lpthreads 
/usr/bin/ld: cannot find -lpthreads
collect2: error: ld returned 1 exit status
make[1]: *** [CMakeFiles/cmTC_b0ee9.dir/build.make:99: cmTC_b0ee9] Error 1
make[1]: Leaving directory '/home/nagy/test/build/find_source/CMakeFiles/CMakeScratch/TryCompile-I17qsJ'
make: *** [Makefile:127: cmTC_b0ee9/fast] Error 2



